2025-09-30 17:00:14.086 | INFO     | __main__:<module>:10 - Starting OMDB publisher .....
2025-09-30 17:00:14.094 | INFO     | __main__:omdb_movie_request:24 - Nats server connection established
2025-09-30 17:00:14.594 | ERROR    | __main__:omdb_movie_request:46 - OMDB request failed for tconst: nats: no response from stream
2025-09-30 17:00:14.945 | ERROR    | __main__:omdb_movie_request:46 - OMDB request failed for 0000009: nats: no response from stream
2025-09-30 17:00:15.251 | ERROR    | __main__:omdb_movie_request:46 - OMDB request failed for 0000147: nats: no response from stream
2025-09-30 17:00:15.512 | ERROR    | __main__:omdb_movie_request:46 - OMDB request failed for 0000502: nats: no response from stream
2025-09-30 17:00:15.761 | ERROR    | __main__:omdb_movie_request:46 - OMDB request failed for 0000574: nats: no response from stream
2025-09-30 17:00:16.014 | ERROR    | __main__:omdb_movie_request:46 - OMDB request failed for 0000591: nats: no response from stream
2025-09-30 17:00:16.378 | ERROR    | __main__:omdb_movie_request:46 - OMDB request failed for 0000615: nats: no response from stream
2025-09-30 17:00:16.685 | ERROR    | __main__:omdb_movie_request:46 - OMDB request failed for 0000630: nats: no response from stream
2025-09-30 17:00:16.931 | ERROR    | __main__:omdb_movie_request:46 - OMDB request failed for 0000675: nats: no response from stream
2025-09-30 17:00:17.197 | ERROR    | __main__:omdb_movie_request:46 - OMDB request failed for 0000679: nats: no response from stream
2025-09-30 17:00:17.458 | ERROR    | __main__:omdb_movie_request:46 - OMDB request failed for 0000838: nats: no response from stream
2025-09-30 17:00:17.703 | ERROR    | __main__:omdb_movie_request:46 - OMDB request failed for 0000842: nats: no response from stream
2025-09-30 17:00:17.947 | ERROR    | __main__:omdb_movie_request:46 - OMDB request failed for 0000846: nats: no response from stream
2025-09-30 17:00:18.220 | ERROR    | __main__:omdb_movie_request:46 - OMDB request failed for 0000850: nats: no response from stream
2025-09-30 17:00:18.528 | ERROR    | __main__:omdb_movie_request:46 - OMDB request failed for 0000859: nats: no response from stream
2025-09-30 17:00:18.836 | ERROR    | __main__:omdb_movie_request:46 - OMDB request failed for 0000862: nats: no response from stream
2025-09-30 17:00:19.143 | ERROR    | __main__:omdb_movie_request:46 - OMDB request failed for 0000867: nats: no response from stream
2025-09-30 17:00:19.451 | ERROR    | __main__:omdb_movie_request:46 - OMDB request failed for 0000868: nats: no response from stream
2025-09-30 17:00:19.757 | ERROR    | __main__:omdb_movie_request:46 - OMDB request failed for 0000869: nats: no response from stream
2025-09-30 17:00:20.065 | ERROR    | __main__:omdb_movie_request:46 - OMDB request failed for 0000879: nats: no response from stream
2025-09-30 17:00:20.372 | ERROR    | __main__:omdb_movie_request:46 - OMDB request failed for 0000886: nats: no response from stream
2025-09-30 17:00:20.679 | ERROR    | __main__:omdb_movie_request:46 - OMDB request failed for 0000941: nats: no response from stream
2025-09-30 17:00:20.986 | ERROR    | __main__:omdb_movie_request:46 - OMDB request failed for 0000947: nats: no response from stream
2025-09-30 17:00:21.293 | ERROR    | __main__:omdb_movie_request:46 - OMDB request failed for 0000959: nats: no response from stream
2025-09-30 17:00:21.601 | ERROR    | __main__:omdb_movie_request:46 - OMDB request failed for 0000984: nats: no response from stream
2025-09-30 17:00:21.907 | ERROR    | __main__:omdb_movie_request:46 - OMDB request failed for 0001007: nats: no response from stream
2025-09-30 17:00:22.214 | ERROR    | __main__:omdb_movie_request:46 - OMDB request failed for 0001010: nats: no response from stream
2025-09-30 17:00:22.476 | ERROR    | __main__:omdb_movie_request:46 - OMDB request failed for 0001028: nats: no response from stream
2025-09-30 17:00:22.726 | ERROR    | __main__:omdb_movie_request:46 - OMDB request failed for 0001038: nats: no response from stream
2025-09-30 17:00:23.034 | ERROR    | __main__:omdb_movie_request:46 - OMDB request failed for 0001043: nats: no response from stream
2025-09-30 17:00:23.286 | ERROR    | __main__:omdb_movie_request:46 - OMDB request failed for 0001049: nats: no response from stream
2025-09-30 17:00:23.648 | ERROR    | __main__:omdb_movie_request:46 - OMDB request failed for 0001051: nats: no response from stream
2025-09-30 17:00:23.955 | ERROR    | __main__:omdb_movie_request:46 - OMDB request failed for 0001059: nats: no response from stream
2025-09-30 17:00:24.263 | ERROR    | __main__:omdb_movie_request:46 - OMDB request failed for 0001069: nats: no response from stream
2025-09-30 17:00:24.570 | ERROR    | __main__:omdb_movie_request:46 - OMDB request failed for 0001080: nats: no response from stream
2025-09-30 17:00:24.877 | ERROR    | __main__:omdb_movie_request:46 - OMDB request failed for 0001081: nats: no response from stream
2025-09-30 17:00:25.184 | ERROR    | __main__:omdb_movie_request:46 - OMDB request failed for 0001082: nats: no response from stream
2025-09-30 17:00:25.492 | ERROR    | __main__:omdb_movie_request:46 - OMDB request failed for 0001101: nats: no response from stream
2025-09-30 17:00:25.727 | ERROR    | __main__:omdb_movie_request:46 - OMDB request failed for 0001109: nats: no response from stream
2025-09-30 17:00:26.006 | ERROR    | __main__:omdb_movie_request:46 - OMDB request failed for 0001112: nats: no response from stream
2025-09-30 17:00:26.311 | ERROR    | __main__:omdb_movie_request:46 - OMDB request failed for 0001113: nats: no response from stream
2025-09-30 17:00:26.618 | ERROR    | __main__:omdb_movie_request:46 - OMDB request failed for 0001115: nats: no response from stream
2025-09-30 17:00:26.925 | ERROR    | __main__:omdb_movie_request:46 - OMDB request failed for 0001116: nats: no response from stream
2025-09-30 17:00:27.232 | ERROR    | __main__:omdb_movie_request:46 - OMDB request failed for 0001122: nats: no response from stream
2025-09-30 17:00:27.540 | ERROR    | __main__:omdb_movie_request:46 - OMDB request failed for 0001141: nats: no response from stream
2025-09-30 17:00:27.847 | ERROR    | __main__:omdb_movie_request:46 - OMDB request failed for 0001142: nats: no response from stream
2025-09-30 17:00:28.154 | ERROR    | __main__:omdb_movie_request:46 - OMDB request failed for 0001147: nats: no response from stream
2025-09-30 17:00:28.462 | ERROR    | __main__:omdb_movie_request:46 - OMDB request failed for 0001159: nats: no response from stream
2025-09-30 17:00:28.768 | ERROR    | __main__:omdb_movie_request:46 - OMDB request failed for 0001163: nats: no response from stream
2025-09-30 17:00:29.075 | ERROR    | __main__:omdb_movie_request:46 - OMDB request failed for 0001175: nats: no response from stream
2025-09-30 17:00:29.383 | ERROR    | __main__:omdb_movie_request:46 - OMDB request failed for 0001179: nats: no response from stream
2025-09-30 17:00:29.690 | ERROR    | __main__:omdb_movie_request:46 - OMDB request failed for 0001184: nats: no response from stream
2025-09-30 17:00:29.997 | ERROR    | __main__:omdb_movie_request:46 - OMDB request failed for 0001203: nats: no response from stream
2025-09-30 17:00:30.305 | ERROR    | __main__:omdb_movie_request:46 - OMDB request failed for 0001230: nats: no response from stream
2025-09-30 17:00:30.612 | ERROR    | __main__:omdb_movie_request:46 - OMDB request failed for 0001240: nats: no response from stream
2025-09-30 17:00:30.919 | ERROR    | __main__:omdb_movie_request:46 - OMDB request failed for 0001247: nats: no response from stream
2025-09-30 17:00:31.226 | ERROR    | __main__:omdb_movie_request:46 - OMDB request failed for 0001277: nats: no response from stream
2025-09-30 17:00:31.534 | ERROR    | __main__:omdb_movie_request:46 - OMDB request failed for 0001285: nats: no response from stream
2025-09-30 17:00:31.846 | ERROR    | __main__:omdb_movie_request:46 - OMDB request failed for 0001338: nats: no response from stream
2025-09-30 17:00:32.148 | ERROR    | __main__:omdb_movie_request:46 - OMDB request failed for 0001341: nats: no response from stream
2025-09-30 17:00:32.455 | ERROR    | __main__:omdb_movie_request:46 - OMDB request failed for 0001348: nats: no response from stream
2025-09-30 17:00:32.763 | ERROR    | __main__:omdb_movie_request:46 - OMDB request failed for 0001359: nats: no response from stream
2025-09-30 17:00:33.071 | ERROR    | __main__:omdb_movie_request:46 - OMDB request failed for 0001364: nats: no response from stream
2025-09-30 17:00:33.379 | ERROR    | __main__:omdb_movie_request:46 - OMDB request failed for 0001366: nats: no response from stream
2025-09-30 17:00:33.686 | ERROR    | __main__:omdb_movie_request:46 - OMDB request failed for 0001370: nats: no response from stream
2025-09-30 17:00:33.993 | ERROR    | __main__:omdb_movie_request:46 - OMDB request failed for 0001379: nats: no response from stream
2025-09-30 17:00:34.299 | ERROR    | __main__:omdb_movie_request:46 - OMDB request failed for 0001382: nats: no response from stream
2025-09-30 17:00:34.607 | ERROR    | __main__:omdb_movie_request:46 - OMDB request failed for 0001386: nats: no response from stream
2025-09-30 17:00:34.914 | ERROR    | __main__:omdb_movie_request:46 - OMDB request failed for 0001422: nats: no response from stream
2025-09-30 17:00:35.221 | ERROR    | __main__:omdb_movie_request:46 - OMDB request failed for 0001440: nats: no response from stream
2025-09-30 17:00:35.629 | ERROR    | __main__:omdb_movie_request:46 - OMDB request failed for 0001465: nats: no response from stream
2025-09-30 17:00:35.905 | ERROR    | __main__:omdb_movie_request:46 - OMDB request failed for 0001475: nats: no response from stream
2025-09-30 17:00:36.244 | ERROR    | __main__:omdb_movie_request:46 - OMDB request failed for 0001495: nats: no response from stream
2025-09-30 17:00:36.553 | ERROR    | __main__:omdb_movie_request:46 - OMDB request failed for 0001498: nats: no response from stream
2025-09-30 17:00:36.859 | ERROR    | __main__:omdb_movie_request:46 - OMDB request failed for 0001515: nats: no response from stream
2025-09-30 17:00:37.167 | ERROR    | __main__:omdb_movie_request:46 - OMDB request failed for 0001530: nats: no response from stream
2025-09-30 17:00:37.474 | ERROR    | __main__:omdb_movie_request:46 - OMDB request failed for 0001531: nats: no response from stream
2025-09-30 17:00:37.780 | ERROR    | __main__:omdb_movie_request:46 - OMDB request failed for 0001555: nats: no response from stream
2025-09-30 17:00:38.087 | ERROR    | __main__:omdb_movie_request:46 - OMDB request failed for 0001586: nats: no response from stream
2025-09-30 17:00:38.395 | ERROR    | __main__:omdb_movie_request:46 - OMDB request failed for 0001592: nats: no response from stream
2025-09-30 17:00:38.702 | ERROR    | __main__:omdb_movie_request:46 - OMDB request failed for 0001602: nats: no response from stream
2025-09-30 17:00:39.009 | ERROR    | __main__:omdb_movie_request:46 - OMDB request failed for 0001603: nats: no response from stream
2025-09-30 17:00:39.376 | ERROR    | __main__:omdb_movie_request:46 - OMDB request failed for 0001604: nats: no response from stream
2025-09-30 17:00:39.618 | ERROR    | __main__:omdb_movie_request:46 - OMDB request failed for 0001614: nats: no response from stream
2025-09-30 17:00:39.963 | ERROR    | __main__:omdb_movie_request:46 - OMDB request failed for 0001628: nats: no response from stream
2025-09-30 17:00:40.260 | ERROR    | __main__:omdb_movie_request:46 - OMDB request failed for 0001630: nats: no response from stream
2025-09-30 17:00:40.558 | ERROR    | __main__:omdb_movie_request:46 - OMDB request failed for 0001648: nats: no response from stream
2025-09-30 17:00:40.818 | ERROR    | __main__:omdb_movie_request:46 - OMDB request failed for 0001706: nats: no response from stream
2025-09-30 17:00:41.170 | ERROR    | __main__:omdb_movie_request:46 - OMDB request failed for 0001711: nats: no response from stream
2025-09-30 17:00:41.582 | ERROR    | __main__:omdb_movie_request:46 - OMDB request failed for 0001712: nats: no response from stream
2025-09-30 17:00:41.822 | ERROR    | __main__:omdb_movie_request:46 - OMDB request failed for 0001716: nats: no response from stream
2025-09-30 17:00:42.069 | ERROR    | __main__:omdb_movie_request:46 - OMDB request failed for 0001731: nats: no response from stream
2025-09-30 17:00:42.399 | ERROR    | __main__:omdb_movie_request:46 - OMDB request failed for 0001756: nats: no response from stream
2025-09-30 17:00:42.809 | ERROR    | __main__:omdb_movie_request:46 - OMDB request failed for 0001764: nats: no response from stream
2025-09-30 17:00:43.218 | ERROR    | __main__:omdb_movie_request:46 - OMDB request failed for 0001778: nats: no response from stream
2025-09-30 17:00:43.629 | ERROR    | __main__:omdb_movie_request:46 - OMDB request failed for 0001785: nats: no response from stream
2025-09-30 17:00:43.925 | ERROR    | __main__:omdb_movie_request:46 - OMDB request failed for 0001790: nats: no response from stream
2025-09-30 17:00:44.231 | ERROR    | __main__:omdb_movie_request:46 - OMDB request failed for 0001803: nats: no response from stream
2025-09-30 17:00:44.539 | ERROR    | __main__:omdb_movie_request:46 - OMDB request failed for 0001812: nats: no response from stream
2025-09-30 17:00:44.846 | ERROR    | __main__:omdb_movie_request:46 - OMDB request failed for 0001889: nats: no response from stream
2025-09-30 17:00:45.155 | ERROR    | __main__:omdb_movie_request:46 - OMDB request failed for 0001892: nats: no response from stream
2025-09-30 17:00:45.461 | ERROR    | __main__:omdb_movie_request:46 - OMDB request failed for 0001895: nats: no response from stream
2025-09-30 17:00:45.768 | ERROR    | __main__:omdb_movie_request:46 - OMDB request failed for 0001911: nats: no response from stream
2025-09-30 17:00:46.019 | ERROR    | __main__:omdb_movie_request:46 - OMDB request failed for 0001914: nats: no response from stream
2025-09-30 17:00:46.268 | ERROR    | __main__:omdb_movie_request:46 - OMDB request failed for 0001920: nats: no response from stream
2025-09-30 17:00:46.587 | ERROR    | __main__:omdb_movie_request:46 - OMDB request failed for 0001964: nats: no response from stream
2025-09-30 17:00:46.894 | ERROR    | __main__:omdb_movie_request:46 - OMDB request failed for 0001965: nats: no response from stream
2025-09-30 17:00:47.203 | ERROR    | __main__:omdb_movie_request:46 - OMDB request failed for 0001992: nats: no response from stream
2025-09-30 17:00:47.508 | ERROR    | __main__:omdb_movie_request:46 - OMDB request failed for 0001993: nats: no response from stream
2025-09-30 17:00:47.816 | ERROR    | __main__:omdb_movie_request:46 - OMDB request failed for 0001998: nats: no response from stream
2025-09-30 17:00:48.123 | ERROR    | __main__:omdb_movie_request:46 - OMDB request failed for 0002001: nats: no response from stream
2025-09-30 17:00:48.430 | ERROR    | __main__:omdb_movie_request:46 - OMDB request failed for 0002019: nats: no response from stream
2025-09-30 17:00:48.738 | ERROR    | __main__:omdb_movie_request:46 - OMDB request failed for 0002022: nats: no response from stream
2025-09-30 17:00:49.044 | ERROR    | __main__:omdb_movie_request:46 - OMDB request failed for 0002026: nats: no response from stream
2025-09-30 17:00:49.352 | ERROR    | __main__:omdb_movie_request:46 - OMDB request failed for 0002031: nats: no response from stream
2025-09-30 17:00:49.659 | ERROR    | __main__:omdb_movie_request:46 - OMDB request failed for 0002039: nats: no response from stream
2025-09-30 17:00:49.966 | ERROR    | __main__:omdb_movie_request:46 - OMDB request failed for 0002044: nats: no response from stream
2025-09-30 17:00:50.274 | ERROR    | __main__:omdb_movie_request:46 - OMDB request failed for 0002046: nats: no response from stream
2025-09-30 17:00:50.581 | ERROR    | __main__:omdb_movie_request:46 - OMDB request failed for 0002047: nats: no response from stream
2025-09-30 17:00:50.890 | ERROR    | __main__:omdb_movie_request:46 - OMDB request failed for 0002088: nats: no response from stream
2025-09-30 17:00:51.195 | ERROR    | __main__:omdb_movie_request:46 - OMDB request failed for 0002089: nats: no response from stream
2025-09-30 17:00:51.503 | ERROR    | __main__:omdb_movie_request:46 - OMDB request failed for 0002094: nats: no response from stream
2025-09-30 17:00:51.809 | ERROR    | __main__:omdb_movie_request:46 - OMDB request failed for 0002101: nats: no response from stream
2025-09-30 17:00:52.117 | ERROR    | __main__:omdb_movie_request:46 - OMDB request failed for 0002102: nats: no response from stream
2025-09-30 17:00:52.425 | ERROR    | __main__:omdb_movie_request:46 - OMDB request failed for 0002109: nats: no response from stream
2025-09-30 17:00:52.731 | ERROR    | __main__:omdb_movie_request:46 - OMDB request failed for 0002112: nats: no response from stream
2025-09-30 17:00:53.040 | ERROR    | __main__:omdb_movie_request:46 - OMDB request failed for 0002115: nats: no response from stream
2025-09-30 17:00:53.346 | ERROR    | __main__:omdb_movie_request:46 - OMDB request failed for 0002119: nats: no response from stream
2025-09-30 17:00:53.655 | ERROR    | __main__:omdb_movie_request:46 - OMDB request failed for 0002130: nats: no response from stream
2025-09-30 17:00:53.961 | ERROR    | __main__:omdb_movie_request:46 - OMDB request failed for 0002131: nats: no response from stream
2025-09-30 17:00:54.267 | ERROR    | __main__:omdb_movie_request:46 - OMDB request failed for 0002140: nats: no response from stream
2025-09-30 17:00:54.574 | ERROR    | __main__:omdb_movie_request:46 - OMDB request failed for 0002153: nats: no response from stream
2025-09-30 17:00:54.983 | ERROR    | __main__:omdb_movie_request:46 - OMDB request failed for 0002156: nats: no response from stream
2025-09-30 17:00:55.291 | ERROR    | __main__:omdb_movie_request:46 - OMDB request failed for 0002157: nats: no response from stream
2025-09-30 17:00:55.598 | ERROR    | __main__:omdb_movie_request:46 - OMDB request failed for 0002161: nats: no response from stream
2025-09-30 17:00:55.906 | ERROR    | __main__:omdb_movie_request:46 - OMDB request failed for 0002163: nats: no response from stream
2025-09-30 17:00:56.212 | ERROR    | __main__:omdb_movie_request:46 - OMDB request failed for 0002165: nats: no response from stream
2025-09-30 17:00:56.454 | ERROR    | __main__:omdb_movie_request:46 - OMDB request failed for 0002186: nats: no response from stream
2025-09-30 17:00:56.724 | ERROR    | __main__:omdb_movie_request:46 - OMDB request failed for 0002188: nats: no response from stream
2025-09-30 17:00:57.031 | ERROR    | __main__:omdb_movie_request:46 - OMDB request failed for 0002199: nats: no response from stream
2025-09-30 17:00:57.339 | ERROR    | __main__:omdb_movie_request:46 - OMDB request failed for 0002211: nats: no response from stream
2025-09-30 17:00:57.580 | ERROR    | __main__:omdb_movie_request:46 - OMDB request failed for 0002220: nats: no response from stream
2025-09-30 17:00:57.851 | ERROR    | __main__:omdb_movie_request:46 - OMDB request failed for 0002239: nats: no response from stream
2025-09-30 17:00:58.158 | ERROR    | __main__:omdb_movie_request:46 - OMDB request failed for 0002242: nats: no response from stream
2025-09-30 17:00:58.467 | ERROR    | __main__:omdb_movie_request:46 - OMDB request failed for 0002262: nats: no response from stream
2025-09-30 17:00:58.772 | ERROR    | __main__:omdb_movie_request:46 - OMDB request failed for 0002276: nats: no response from stream
2025-09-30 17:00:59.079 | ERROR    | __main__:omdb_movie_request:46 - OMDB request failed for 0002286: nats: no response from stream
2025-09-30 17:00:59.386 | ERROR    | __main__:omdb_movie_request:46 - OMDB request failed for 0002301: nats: no response from stream
2025-09-30 17:00:59.694 | ERROR    | __main__:omdb_movie_request:46 - OMDB request failed for 0002305: nats: no response from stream
2025-09-30 17:01:00.003 | ERROR    | __main__:omdb_movie_request:46 - OMDB request failed for 0002315: nats: no response from stream
2025-09-30 17:01:00.309 | ERROR    | __main__:omdb_movie_request:46 - OMDB request failed for 0002328: nats: no response from stream
2025-09-30 17:01:00.616 | ERROR    | __main__:omdb_movie_request:46 - OMDB request failed for 0002333: nats: no response from stream
2025-09-30 17:01:00.923 | ERROR    | __main__:omdb_movie_request:46 - OMDB request failed for 0002335: nats: no response from stream
2025-09-30 17:01:01.230 | ERROR    | __main__:omdb_movie_request:46 - OMDB request failed for 0002337: nats: no response from stream
2025-09-30 17:01:01.537 | ERROR    | __main__:omdb_movie_request:46 - OMDB request failed for 0002345: nats: no response from stream
2025-09-30 17:01:01.845 | ERROR    | __main__:omdb_movie_request:46 - OMDB request failed for 0002348: nats: no response from stream
2025-09-30 17:01:02.152 | ERROR    | __main__:omdb_movie_request:46 - OMDB request failed for 0002361: nats: no response from stream
2025-09-30 17:01:02.459 | ERROR    | __main__:omdb_movie_request:46 - OMDB request failed for 0002362: nats: no response from stream
2025-09-30 17:01:02.766 | ERROR    | __main__:omdb_movie_request:46 - OMDB request failed for 0002375: nats: no response from stream
2025-09-30 17:01:03.075 | ERROR    | __main__:omdb_movie_request:46 - OMDB request failed for 0002395: nats: no response from stream
2025-09-30 17:01:03.314 | ERROR    | __main__:omdb_movie_request:46 - OMDB request failed for 0002405: nats: no response from stream
2025-09-30 17:01:03.587 | ERROR    | __main__:omdb_movie_request:46 - OMDB request failed for 0002406: nats: no response from stream
2025-09-30 17:01:03.893 | ERROR    | __main__:omdb_movie_request:46 - OMDB request failed for 0002410: nats: no response from stream
2025-09-30 17:01:04.199 | ERROR    | __main__:omdb_movie_request:46 - OMDB request failed for 0002423: nats: no response from stream
2025-09-30 17:01:04.507 | ERROR    | __main__:omdb_movie_request:46 - OMDB request failed for 0002425: nats: no response from stream
2025-09-30 17:01:04.815 | ERROR    | __main__:omdb_movie_request:46 - OMDB request failed for 0002431: nats: no response from stream
2025-09-30 17:01:05.121 | ERROR    | __main__:omdb_movie_request:46 - OMDB request failed for 0002432: nats: no response from stream
2025-09-30 17:01:05.429 | ERROR    | __main__:omdb_movie_request:46 - OMDB request failed for 0002438: nats: no response from stream
2025-09-30 17:01:05.736 | ERROR    | __main__:omdb_movie_request:46 - OMDB request failed for 0002439: nats: no response from stream
2025-09-30 17:01:06.021 | ERROR    | __main__:omdb_movie_request:46 - OMDB request failed for 0002445: nats: no response from stream
2025-09-30 17:01:06.350 | ERROR    | __main__:omdb_movie_request:46 - OMDB request failed for 0002446: nats: no response from stream
2025-09-30 17:01:06.624 | ERROR    | __main__:omdb_movie_request:46 - OMDB request failed for 0002452: nats: no response from stream
2025-09-30 17:01:06.965 | ERROR    | __main__:omdb_movie_request:46 - OMDB request failed for 0002458: nats: no response from stream
2025-09-30 17:01:07.272 | ERROR    | __main__:omdb_movie_request:46 - OMDB request failed for 0002461: nats: no response from stream
2025-09-30 17:01:07.579 | ERROR    | __main__:omdb_movie_request:46 - OMDB request failed for 0002467: nats: no response from stream
2025-09-30 17:01:07.887 | ERROR    | __main__:omdb_movie_request:46 - OMDB request failed for 0002479: nats: no response from stream
2025-09-30 17:01:08.193 | ERROR    | __main__:omdb_movie_request:46 - OMDB request failed for 0002491: nats: no response from stream
2025-09-30 17:01:08.501 | ERROR    | __main__:omdb_movie_request:46 - OMDB request failed for 0002500: nats: no response from stream
2025-09-30 17:01:08.809 | ERROR    | __main__:omdb_movie_request:46 - OMDB request failed for 0002514: nats: no response from stream
2025-09-30 17:01:09.116 | ERROR    | __main__:omdb_movie_request:46 - OMDB request failed for 0002517: nats: no response from stream
2025-09-30 17:01:09.423 | ERROR    | __main__:omdb_movie_request:46 - OMDB request failed for 0002525: nats: no response from stream
2025-09-30 17:01:09.730 | ERROR    | __main__:omdb_movie_request:46 - OMDB request failed for 0002555: nats: no response from stream
2025-09-30 17:01:10.036 | ERROR    | __main__:omdb_movie_request:46 - OMDB request failed for 0002556: nats: no response from stream
2025-09-30 17:01:10.346 | ERROR    | __main__:omdb_movie_request:46 - OMDB request failed for 0002559: nats: no response from stream
2025-09-30 17:01:10.651 | ERROR    | __main__:omdb_movie_request:46 - OMDB request failed for 0002572: nats: no response from stream
2025-09-30 17:01:10.959 | ERROR    | __main__:omdb_movie_request:46 - OMDB request failed for 0002574: nats: no response from stream
2025-09-30 17:01:11.266 | ERROR    | __main__:omdb_movie_request:46 - OMDB request failed for 0002588: nats: no response from stream
2025-09-30 17:01:11.573 | ERROR    | __main__:omdb_movie_request:46 - OMDB request failed for 0002589: nats: no response from stream
2025-09-30 17:01:11.880 | ERROR    | __main__:omdb_movie_request:46 - OMDB request failed for 0002590: nats: no response from stream
2025-09-30 17:01:12.187 | ERROR    | __main__:omdb_movie_request:46 - OMDB request failed for 0002591: nats: no response from stream
2025-09-30 17:01:12.495 | ERROR    | __main__:omdb_movie_request:46 - OMDB request failed for 0002594: nats: no response from stream
2025-09-30 17:01:12.802 | ERROR    | __main__:omdb_movie_request:46 - OMDB request failed for 0002595: nats: no response from stream
2025-09-30 17:01:13.109 | ERROR    | __main__:omdb_movie_request:46 - OMDB request failed for 0002605: nats: no response from stream
2025-09-30 17:01:13.416 | ERROR    | __main__:omdb_movie_request:46 - OMDB request failed for 0002624: nats: no response from stream
2025-09-30 17:01:13.723 | ERROR    | __main__:omdb_movie_request:46 - OMDB request failed for 0002625: nats: no response from stream
2025-09-30 17:01:14.030 | ERROR    | __main__:omdb_movie_request:46 - OMDB request failed for 0002628: nats: no response from stream
2025-09-30 17:01:14.339 | ERROR    | __main__:omdb_movie_request:46 - OMDB request failed for 0002637: nats: no response from stream
2025-09-30 17:01:14.645 | ERROR    | __main__:omdb_movie_request:46 - OMDB request failed for 0002642: nats: no response from stream
2025-09-30 17:01:14.953 | ERROR    | __main__:omdb_movie_request:46 - OMDB request failed for 0002646: nats: no response from stream
2025-09-30 17:01:15.259 | ERROR    | __main__:omdb_movie_request:46 - OMDB request failed for 0002648: nats: no response from stream
2025-09-30 17:01:15.502 | ERROR    | __main__:omdb_movie_request:46 - OMDB request failed for 0002649: nats: no response from stream
2025-09-30 17:01:15.741 | ERROR    | __main__:omdb_movie_request:46 - OMDB request failed for 0002660: nats: no response from stream
2025-09-30 17:01:16.026 | ERROR    | __main__:omdb_movie_request:46 - OMDB request failed for 0002661: nats: no response from stream
2025-09-30 17:01:16.387 | ERROR    | __main__:omdb_movie_request:46 - OMDB request failed for 0002665: nats: no response from stream
2025-09-30 17:01:16.693 | ERROR    | __main__:omdb_movie_request:46 - OMDB request failed for 0002669: nats: no response from stream
2025-09-30 17:01:16.944 | ERROR    | __main__:omdb_movie_request:46 - OMDB request failed for 0002670: nats: no response from stream
2025-09-30 17:01:17.308 | ERROR    | __main__:omdb_movie_request:46 - OMDB request failed for 0002676: nats: no response from stream
2025-09-30 17:01:17.615 | ERROR    | __main__:omdb_movie_request:46 - OMDB request failed for 0002679: nats: no response from stream
2025-09-30 17:01:17.922 | ERROR    | __main__:omdb_movie_request:46 - OMDB request failed for 0002685: nats: no response from stream
2025-09-30 17:01:18.228 | ERROR    | __main__:omdb_movie_request:46 - OMDB request failed for 0002722: nats: no response from stream
2025-09-30 17:01:18.537 | ERROR    | __main__:omdb_movie_request:46 - OMDB request failed for 0002725: nats: no response from stream
2025-09-30 17:01:18.844 | ERROR    | __main__:omdb_movie_request:46 - OMDB request failed for 0002727: nats: no response from stream
2025-09-30 17:01:19.151 | ERROR    | __main__:omdb_movie_request:46 - OMDB request failed for 0002735: nats: no response from stream
2025-09-30 17:01:19.458 | ERROR    | __main__:omdb_movie_request:46 - OMDB request failed for 0002739: nats: no response from stream
2025-09-30 17:01:19.765 | ERROR    | __main__:omdb_movie_request:46 - OMDB request failed for 0002743: nats: no response from stream
2025-09-30 17:01:20.072 | ERROR    | __main__:omdb_movie_request:46 - OMDB request failed for 0002746: nats: no response from stream
2025-09-30 17:01:20.379 | ERROR    | __main__:omdb_movie_request:46 - OMDB request failed for 0002751: nats: no response from stream
2025-09-30 17:01:20.686 | ERROR    | __main__:omdb_movie_request:46 - OMDB request failed for 0002763: nats: no response from stream
2025-09-30 17:01:20.994 | ERROR    | __main__:omdb_movie_request:46 - OMDB request failed for 0002764: nats: no response from stream
2025-09-30 17:01:21.301 | ERROR    | __main__:omdb_movie_request:46 - OMDB request failed for 0002765: nats: no response from stream
2025-09-30 17:01:21.608 | ERROR    | __main__:omdb_movie_request:46 - OMDB request failed for 0002767: nats: no response from stream
2025-09-30 17:01:21.915 | ERROR    | __main__:omdb_movie_request:46 - OMDB request failed for 0002771: nats: no response from stream
2025-09-30 17:01:22.222 | ERROR    | __main__:omdb_movie_request:46 - OMDB request failed for 0002772: nats: no response from stream
2025-09-30 17:04:53.543 | INFO     | __main__:<module>:10 - Starting OMDB publisher .....
2025-09-30 17:04:53.549 | INFO     | __main__:omdb_movie_request:24 - Nats server connection established
2025-09-30 17:04:54.021 | ERROR    | __main__:omdb_movie_request:46 - OMDB request failed for tconst: nats: no response from stream
2025-09-30 17:04:54.507 | ERROR    | __main__:omdb_movie_request:46 - OMDB request failed for 0000009: nats: no response from stream
2025-09-30 17:04:54.743 | ERROR    | __main__:omdb_movie_request:46 - OMDB request failed for 0000147: nats: no response from stream
2025-09-30 17:04:54.964 | ERROR    | __main__:omdb_movie_request:46 - OMDB request failed for 0000502: nats: no response from stream
2025-09-30 17:04:55.185 | ERROR    | __main__:omdb_movie_request:46 - OMDB request failed for 0000574: nats: no response from stream
2025-09-30 17:04:55.427 | ERROR    | __main__:omdb_movie_request:46 - OMDB request failed for 0000591: nats: no response from stream
2025-09-30 17:04:55.693 | ERROR    | __main__:omdb_movie_request:46 - OMDB request failed for 0000615: nats: no response from stream
2025-09-30 17:04:55.913 | ERROR    | __main__:omdb_movie_request:46 - OMDB request failed for 0000630: nats: no response from stream
2025-09-30 17:04:56.123 | ERROR    | __main__:omdb_movie_request:46 - OMDB request failed for 0000675: nats: no response from stream
2025-09-30 17:04:56.349 | ERROR    | __main__:omdb_movie_request:46 - OMDB request failed for 0000679: nats: no response from stream
2025-09-30 17:04:56.657 | ERROR    | __main__:omdb_movie_request:46 - OMDB request failed for 0000838: nats: no response from stream
2025-09-30 17:04:56.865 | ERROR    | __main__:omdb_movie_request:46 - OMDB request failed for 0000842: nats: no response from stream
2025-09-30 17:04:57.074 | ERROR    | __main__:omdb_movie_request:46 - OMDB request failed for 0000846: nats: no response from stream
2025-09-30 17:04:57.289 | ERROR    | __main__:omdb_movie_request:46 - OMDB request failed for 0000850: nats: no response from stream
2025-09-30 17:04:57.514 | ERROR    | __main__:omdb_movie_request:46 - OMDB request failed for 0000859: nats: no response from stream
2025-09-30 17:04:57.783 | ERROR    | __main__:omdb_movie_request:46 - OMDB request failed for 0000862: nats: no response from stream
2025-09-30 17:04:58.092 | ERROR    | __main__:omdb_movie_request:46 - OMDB request failed for 0000867: nats: no response from stream
2025-09-30 17:04:58.399 | ERROR    | __main__:omdb_movie_request:46 - OMDB request failed for 0000868: nats: no response from stream
2025-09-30 17:04:58.705 | ERROR    | __main__:omdb_movie_request:46 - OMDB request failed for 0000869: nats: no response from stream
2025-09-30 17:04:59.012 | ERROR    | __main__:omdb_movie_request:46 - OMDB request failed for 0000879: nats: no response from stream
2025-09-30 17:04:59.319 | ERROR    | __main__:omdb_movie_request:46 - OMDB request failed for 0000886: nats: no response from stream
2025-09-30 17:04:59.628 | ERROR    | __main__:omdb_movie_request:46 - OMDB request failed for 0000941: nats: no response from stream
2025-09-30 17:04:59.934 | ERROR    | __main__:omdb_movie_request:46 - OMDB request failed for 0000947: nats: no response from stream
2025-09-30 17:05:00.241 | ERROR    | __main__:omdb_movie_request:46 - OMDB request failed for 0000959: nats: no response from stream
2025-09-30 17:05:00.549 | ERROR    | __main__:omdb_movie_request:46 - OMDB request failed for 0000984: nats: no response from stream
2025-09-30 17:05:00.856 | ERROR    | __main__:omdb_movie_request:46 - OMDB request failed for 0001007: nats: no response from stream
2025-09-30 17:05:01.068 | ERROR    | __main__:omdb_movie_request:46 - OMDB request failed for 0001010: nats: no response from stream
2025-09-30 17:05:01.288 | ERROR    | __main__:omdb_movie_request:46 - OMDB request failed for 0001028: nats: no response from stream
2025-09-30 17:05:01.507 | ERROR    | __main__:omdb_movie_request:46 - OMDB request failed for 0001038: nats: no response from stream
2025-09-30 17:05:01.781 | ERROR    | __main__:omdb_movie_request:46 - OMDB request failed for 0001043: nats: no response from stream
2025-09-30 17:05:02.088 | ERROR    | __main__:omdb_movie_request:46 - OMDB request failed for 0001049: nats: no response from stream
2025-09-30 17:05:02.301 | ERROR    | __main__:omdb_movie_request:46 - OMDB request failed for 0001051: nats: no response from stream
2025-09-30 17:05:02.600 | ERROR    | __main__:omdb_movie_request:46 - OMDB request failed for 0001059: nats: no response from stream
2025-09-30 17:05:02.908 | ERROR    | __main__:omdb_movie_request:46 - OMDB request failed for 0001069: nats: no response from stream
2025-09-30 17:05:03.210 | ERROR    | __main__:omdb_movie_request:46 - OMDB request failed for 0001080: nats: no response from stream
2025-09-30 17:05:03.521 | ERROR    | __main__:omdb_movie_request:46 - OMDB request failed for 0001081: nats: no response from stream
2025-09-30 17:05:03.930 | ERROR    | __main__:omdb_movie_request:46 - OMDB request failed for 0001082: nats: no response from stream
2025-09-30 17:05:04.142 | ERROR    | __main__:omdb_movie_request:46 - OMDB request failed for 0001101: nats: no response from stream
2025-09-30 17:05:04.442 | ERROR    | __main__:omdb_movie_request:46 - OMDB request failed for 0001109: nats: no response from stream
2025-09-30 17:05:04.750 | ERROR    | __main__:omdb_movie_request:46 - OMDB request failed for 0001112: nats: no response from stream
2025-09-30 17:05:04.964 | ERROR    | __main__:omdb_movie_request:46 - OMDB request failed for 0001113: nats: no response from stream
2025-09-30 17:05:05.261 | ERROR    | __main__:omdb_movie_request:46 - OMDB request failed for 0001115: nats: no response from stream
2025-09-30 17:05:05.571 | ERROR    | __main__:omdb_movie_request:46 - OMDB request failed for 0001116: nats: no response from stream
2025-09-30 17:05:05.875 | ERROR    | __main__:omdb_movie_request:46 - OMDB request failed for 0001122: nats: no response from stream
2025-09-30 17:05:06.098 | ERROR    | __main__:omdb_movie_request:46 - OMDB request failed for 0001141: nats: no response from stream
2025-09-30 17:05:06.385 | ERROR    | __main__:omdb_movie_request:46 - OMDB request failed for 0001142: nats: no response from stream
2025-09-30 17:05:06.693 | ERROR    | __main__:omdb_movie_request:46 - OMDB request failed for 0001147: nats: no response from stream
2025-09-30 17:05:07.000 | ERROR    | __main__:omdb_movie_request:46 - OMDB request failed for 0001159: nats: no response from stream
2025-09-30 17:05:07.307 | ERROR    | __main__:omdb_movie_request:46 - OMDB request failed for 0001163: nats: no response from stream
2025-09-30 17:05:07.615 | ERROR    | __main__:omdb_movie_request:46 - OMDB request failed for 0001175: nats: no response from stream
2025-09-30 17:05:07.922 | ERROR    | __main__:omdb_movie_request:46 - OMDB request failed for 0001179: nats: no response from stream
2025-09-30 17:05:08.136 | ERROR    | __main__:omdb_movie_request:46 - OMDB request failed for 0001184: nats: no response from stream
2025-09-30 17:05:08.433 | ERROR    | __main__:omdb_movie_request:46 - OMDB request failed for 0001203: nats: no response from stream
2025-09-30 17:05:08.741 | ERROR    | __main__:omdb_movie_request:46 - OMDB request failed for 0001230: nats: no response from stream
2025-09-30 17:05:09.047 | ERROR    | __main__:omdb_movie_request:46 - OMDB request failed for 0001240: nats: no response from stream
2025-09-30 17:05:09.357 | ERROR    | __main__:omdb_movie_request:46 - OMDB request failed for 0001247: nats: no response from stream
2025-09-30 17:05:09.663 | ERROR    | __main__:omdb_movie_request:46 - OMDB request failed for 0001277: nats: no response from stream
2025-09-30 17:05:09.970 | ERROR    | __main__:omdb_movie_request:46 - OMDB request failed for 0001285: nats: no response from stream
2025-09-30 17:05:10.277 | ERROR    | __main__:omdb_movie_request:46 - OMDB request failed for 0001338: nats: no response from stream
2025-09-30 17:05:10.584 | ERROR    | __main__:omdb_movie_request:46 - OMDB request failed for 0001341: nats: no response from stream
2025-09-30 17:05:10.891 | ERROR    | __main__:omdb_movie_request:46 - OMDB request failed for 0001348: nats: no response from stream
2025-09-30 17:05:11.102 | ERROR    | __main__:omdb_movie_request:46 - OMDB request failed for 0001359: nats: no response from stream
2025-09-30 17:05:11.404 | ERROR    | __main__:omdb_movie_request:46 - OMDB request failed for 0001364: nats: no response from stream
2025-09-30 17:05:11.711 | ERROR    | __main__:omdb_movie_request:46 - OMDB request failed for 0001366: nats: no response from stream
2025-09-30 17:05:12.018 | ERROR    | __main__:omdb_movie_request:46 - OMDB request failed for 0001370: nats: no response from stream
2025-09-30 17:05:12.325 | ERROR    | __main__:omdb_movie_request:46 - OMDB request failed for 0001379: nats: no response from stream
2025-09-30 17:05:12.633 | ERROR    | __main__:omdb_movie_request:46 - OMDB request failed for 0001382: nats: no response from stream
2025-09-30 17:05:12.940 | ERROR    | __main__:omdb_movie_request:46 - OMDB request failed for 0001386: nats: no response from stream
2025-09-30 17:05:13.246 | ERROR    | __main__:omdb_movie_request:46 - OMDB request failed for 0001422: nats: no response from stream
2025-09-30 17:05:13.555 | ERROR    | __main__:omdb_movie_request:46 - OMDB request failed for 0001440: nats: no response from stream
2025-09-30 17:05:13.861 | ERROR    | __main__:omdb_movie_request:46 - OMDB request failed for 0001465: nats: no response from stream
2025-09-30 17:05:14.168 | ERROR    | __main__:omdb_movie_request:46 - OMDB request failed for 0001475: nats: no response from stream
2025-09-30 17:05:14.476 | ERROR    | __main__:omdb_movie_request:46 - OMDB request failed for 0001495: nats: no response from stream
2025-09-30 17:05:14.783 | ERROR    | __main__:omdb_movie_request:46 - OMDB request failed for 0001498: nats: no response from stream
2025-09-30 17:05:14.996 | ERROR    | __main__:omdb_movie_request:46 - OMDB request failed for 0001515: nats: no response from stream
2025-09-30 17:05:15.295 | ERROR    | __main__:omdb_movie_request:46 - OMDB request failed for 0001530: nats: no response from stream
2025-09-30 17:05:15.505 | ERROR    | __main__:omdb_movie_request:46 - OMDB request failed for 0001531: nats: no response from stream
2025-09-30 17:05:15.719 | ERROR    | __main__:omdb_movie_request:46 - OMDB request failed for 0001555: nats: no response from stream
2025-09-30 17:05:16.012 | ERROR    | __main__:omdb_movie_request:46 - OMDB request failed for 0001586: nats: no response from stream
2025-09-30 17:05:16.319 | ERROR    | __main__:omdb_movie_request:46 - OMDB request failed for 0001592: nats: no response from stream
2025-09-30 17:05:16.626 | ERROR    | __main__:omdb_movie_request:46 - OMDB request failed for 0001602: nats: no response from stream
2025-09-30 17:05:16.933 | ERROR    | __main__:omdb_movie_request:46 - OMDB request failed for 0001603: nats: no response from stream
2025-09-30 17:05:17.240 | ERROR    | __main__:omdb_movie_request:46 - OMDB request failed for 0001604: nats: no response from stream
2025-09-30 17:05:17.548 | ERROR    | __main__:omdb_movie_request:46 - OMDB request failed for 0001614: nats: no response from stream
2025-09-30 17:05:17.855 | ERROR    | __main__:omdb_movie_request:46 - OMDB request failed for 0001628: nats: no response from stream
2025-09-30 17:05:18.163 | ERROR    | __main__:omdb_movie_request:46 - OMDB request failed for 0001630: nats: no response from stream
2025-09-30 17:05:18.469 | ERROR    | __main__:omdb_movie_request:46 - OMDB request failed for 0001648: nats: no response from stream
2025-09-30 17:05:18.777 | ERROR    | __main__:omdb_movie_request:46 - OMDB request failed for 0001706: nats: no response from stream
2025-09-30 17:05:19.087 | ERROR    | __main__:omdb_movie_request:46 - OMDB request failed for 0001711: nats: no response from stream
2025-09-30 17:05:19.405 | ERROR    | __main__:omdb_movie_request:46 - OMDB request failed for 0001712: nats: no response from stream
2025-09-30 17:05:19.709 | ERROR    | __main__:omdb_movie_request:46 - OMDB request failed for 0001716: nats: no response from stream
2025-09-30 17:05:20.015 | ERROR    | __main__:omdb_movie_request:46 - OMDB request failed for 0001731: nats: no response from stream
2025-09-30 17:05:20.320 | ERROR    | __main__:omdb_movie_request:46 - OMDB request failed for 0001756: nats: no response from stream
2025-09-30 17:05:20.622 | ERROR    | __main__:omdb_movie_request:46 - OMDB request failed for 0001764: nats: no response from stream
2025-09-30 17:05:20.928 | ERROR    | __main__:omdb_movie_request:46 - OMDB request failed for 0001778: nats: no response from stream
2025-09-30 17:05:21.162 | ERROR    | __main__:omdb_movie_request:46 - OMDB request failed for 0001785: nats: no response from stream
2025-09-30 17:05:21.443 | ERROR    | __main__:omdb_movie_request:46 - OMDB request failed for 0001790: nats: no response from stream
2025-09-30 17:05:21.749 | ERROR    | __main__:omdb_movie_request:46 - OMDB request failed for 0001803: nats: no response from stream
2025-09-30 17:05:22.054 | ERROR    | __main__:omdb_movie_request:46 - OMDB request failed for 0001812: nats: no response from stream
2025-09-30 17:05:22.362 | ERROR    | __main__:omdb_movie_request:46 - OMDB request failed for 0001889: nats: no response from stream
2025-09-30 17:05:22.670 | ERROR    | __main__:omdb_movie_request:46 - OMDB request failed for 0001892: nats: no response from stream
2025-09-30 17:05:22.881 | ERROR    | __main__:omdb_movie_request:46 - OMDB request failed for 0001895: nats: no response from stream
2025-09-30 17:05:23.182 | ERROR    | __main__:omdb_movie_request:46 - OMDB request failed for 0001911: nats: no response from stream
2025-09-30 17:05:23.487 | ERROR    | __main__:omdb_movie_request:46 - OMDB request failed for 0001914: nats: no response from stream
2025-09-30 17:05:23.796 | ERROR    | __main__:omdb_movie_request:46 - OMDB request failed for 0001920: nats: no response from stream
2025-09-30 17:05:24.103 | ERROR    | __main__:omdb_movie_request:46 - OMDB request failed for 0001964: nats: no response from stream
2025-09-30 17:05:24.410 | ERROR    | __main__:omdb_movie_request:46 - OMDB request failed for 0001965: nats: no response from stream
2025-09-30 17:05:24.716 | ERROR    | __main__:omdb_movie_request:46 - OMDB request failed for 0001992: nats: no response from stream
2025-09-30 17:05:25.024 | ERROR    | __main__:omdb_movie_request:46 - OMDB request failed for 0001993: nats: no response from stream
2025-09-30 17:05:25.240 | ERROR    | __main__:omdb_movie_request:46 - OMDB request failed for 0001998: nats: no response from stream
2025-09-30 17:05:25.535 | ERROR    | __main__:omdb_movie_request:46 - OMDB request failed for 0002001: nats: no response from stream
2025-09-30 17:05:25.742 | ERROR    | __main__:omdb_movie_request:46 - OMDB request failed for 0002019: nats: no response from stream
2025-09-30 17:05:26.048 | ERROR    | __main__:omdb_movie_request:46 - OMDB request failed for 0002022: nats: no response from stream
2025-09-30 17:05:26.356 | ERROR    | __main__:omdb_movie_request:46 - OMDB request failed for 0002026: nats: no response from stream
2025-09-30 17:05:26.663 | ERROR    | __main__:omdb_movie_request:46 - OMDB request failed for 0002031: nats: no response from stream
2025-09-30 17:05:26.971 | ERROR    | __main__:omdb_movie_request:46 - OMDB request failed for 0002039: nats: no response from stream
2025-09-30 17:05:27.276 | ERROR    | __main__:omdb_movie_request:46 - OMDB request failed for 0002044: nats: no response from stream
2025-09-30 17:05:27.584 | ERROR    | __main__:omdb_movie_request:46 - OMDB request failed for 0002046: nats: no response from stream
2025-09-30 17:05:27.891 | ERROR    | __main__:omdb_movie_request:46 - OMDB request failed for 0002047: nats: no response from stream
2025-09-30 17:05:28.199 | ERROR    | __main__:omdb_movie_request:46 - OMDB request failed for 0002088: nats: no response from stream
2025-09-30 17:05:28.506 | ERROR    | __main__:omdb_movie_request:46 - OMDB request failed for 0002089: nats: no response from stream
2025-09-30 17:05:28.813 | ERROR    | __main__:omdb_movie_request:46 - OMDB request failed for 0002094: nats: no response from stream
2025-09-30 17:05:29.121 | ERROR    | __main__:omdb_movie_request:46 - OMDB request failed for 0002101: nats: no response from stream
2025-09-30 17:05:29.428 | ERROR    | __main__:omdb_movie_request:46 - OMDB request failed for 0002102: nats: no response from stream
2025-09-30 17:05:29.735 | ERROR    | __main__:omdb_movie_request:46 - OMDB request failed for 0002109: nats: no response from stream
2025-09-30 17:05:30.042 | ERROR    | __main__:omdb_movie_request:46 - OMDB request failed for 0002112: nats: no response from stream
2025-09-30 17:05:30.258 | ERROR    | __main__:omdb_movie_request:46 - OMDB request failed for 0002115: nats: no response from stream
2025-09-30 17:05:30.477 | ERROR    | __main__:omdb_movie_request:46 - OMDB request failed for 0002119: nats: no response from stream
2025-09-30 17:05:30.759 | ERROR    | __main__:omdb_movie_request:46 - OMDB request failed for 0002130: nats: no response from stream
2025-09-30 17:05:30.982 | ERROR    | __main__:omdb_movie_request:46 - OMDB request failed for 0002131: nats: no response from stream
2025-09-30 17:05:31.192 | ERROR    | __main__:omdb_movie_request:46 - OMDB request failed for 0002140: nats: no response from stream
2025-09-30 17:05:31.402 | ERROR    | __main__:omdb_movie_request:46 - OMDB request failed for 0002153: nats: no response from stream
2025-09-30 17:05:31.680 | ERROR    | __main__:omdb_movie_request:46 - OMDB request failed for 0002156: nats: no response from stream
2025-09-30 17:05:31.890 | ERROR    | __main__:omdb_movie_request:46 - OMDB request failed for 0002157: nats: no response from stream
2025-09-30 17:05:32.100 | ERROR    | __main__:omdb_movie_request:46 - OMDB request failed for 0002161: nats: no response from stream
2025-09-30 17:05:32.398 | ERROR    | __main__:omdb_movie_request:46 - OMDB request failed for 0002163: nats: no response from stream
2025-09-30 17:05:32.705 | ERROR    | __main__:omdb_movie_request:46 - OMDB request failed for 0002165: nats: no response from stream
2025-09-30 17:05:33.012 | ERROR    | __main__:omdb_movie_request:46 - OMDB request failed for 0002186: nats: no response from stream
2025-09-30 17:05:33.318 | ERROR    | __main__:omdb_movie_request:46 - OMDB request failed for 0002188: nats: no response from stream
2025-09-30 17:05:33.626 | ERROR    | __main__:omdb_movie_request:46 - OMDB request failed for 0002199: nats: no response from stream
2025-09-30 17:05:33.933 | ERROR    | __main__:omdb_movie_request:46 - OMDB request failed for 0002211: nats: no response from stream
2025-09-30 17:05:34.240 | ERROR    | __main__:omdb_movie_request:46 - OMDB request failed for 0002220: nats: no response from stream
2025-09-30 17:05:34.548 | ERROR    | __main__:omdb_movie_request:46 - OMDB request failed for 0002239: nats: no response from stream
2025-09-30 17:05:34.854 | ERROR    | __main__:omdb_movie_request:46 - OMDB request failed for 0002242: nats: no response from stream
2025-09-30 17:05:35.161 | ERROR    | __main__:omdb_movie_request:46 - OMDB request failed for 0002262: nats: no response from stream
2025-09-30 17:05:35.423 | ERROR    | __main__:omdb_movie_request:46 - OMDB request failed for 0002276: nats: no response from stream
2025-09-30 17:05:35.673 | ERROR    | __main__:omdb_movie_request:46 - OMDB request failed for 0002286: nats: no response from stream
2025-09-30 17:05:35.935 | ERROR    | __main__:omdb_movie_request:46 - OMDB request failed for 0002301: nats: no response from stream
2025-09-30 17:05:36.154 | ERROR    | __main__:omdb_movie_request:46 - OMDB request failed for 0002305: nats: no response from stream
2025-09-30 17:05:36.390 | ERROR    | __main__:omdb_movie_request:46 - OMDB request failed for 0002315: nats: no response from stream
2025-09-30 17:05:36.697 | ERROR    | __main__:omdb_movie_request:46 - OMDB request failed for 0002328: nats: no response from stream
2025-09-30 17:05:36.904 | ERROR    | __main__:omdb_movie_request:46 - OMDB request failed for 0002333: nats: no response from stream
2025-09-30 17:05:37.116 | ERROR    | __main__:omdb_movie_request:46 - OMDB request failed for 0002335: nats: no response from stream
2025-09-30 17:05:37.414 | ERROR    | __main__:omdb_movie_request:46 - OMDB request failed for 0002337: nats: no response from stream
2025-09-30 17:05:37.721 | ERROR    | __main__:omdb_movie_request:46 - OMDB request failed for 0002345: nats: no response from stream
2025-09-30 17:05:38.029 | ERROR    | __main__:omdb_movie_request:46 - OMDB request failed for 0002348: nats: no response from stream
2025-09-30 17:05:38.337 | ERROR    | __main__:omdb_movie_request:46 - OMDB request failed for 0002361: nats: no response from stream
2025-09-30 17:05:38.643 | ERROR    | __main__:omdb_movie_request:46 - OMDB request failed for 0002362: nats: no response from stream
2025-09-30 17:05:38.951 | ERROR    | __main__:omdb_movie_request:46 - OMDB request failed for 0002375: nats: no response from stream
2025-09-30 17:05:39.258 | ERROR    | __main__:omdb_movie_request:46 - OMDB request failed for 0002395: nats: no response from stream
2025-09-30 17:05:39.565 | ERROR    | __main__:omdb_movie_request:46 - OMDB request failed for 0002405: nats: no response from stream
2025-09-30 17:05:39.873 | ERROR    | __main__:omdb_movie_request:46 - OMDB request failed for 0002406: nats: no response from stream
2025-09-30 17:05:40.179 | ERROR    | __main__:omdb_movie_request:46 - OMDB request failed for 0002410: nats: no response from stream
2025-09-30 17:05:40.487 | ERROR    | __main__:omdb_movie_request:46 - OMDB request failed for 0002423: nats: no response from stream
2025-09-30 17:05:40.793 | ERROR    | __main__:omdb_movie_request:46 - OMDB request failed for 0002425: nats: no response from stream
2025-09-30 17:05:41.059 | ERROR    | __main__:omdb_movie_request:46 - OMDB request failed for 0002431: nats: no response from stream
2025-09-30 17:05:41.306 | ERROR    | __main__:omdb_movie_request:46 - OMDB request failed for 0002432: nats: no response from stream
2025-09-30 17:05:41.613 | ERROR    | __main__:omdb_movie_request:46 - OMDB request failed for 0002438: nats: no response from stream
2025-09-30 17:05:41.921 | ERROR    | __main__:omdb_movie_request:46 - OMDB request failed for 0002439: nats: no response from stream
2025-09-30 17:05:42.227 | ERROR    | __main__:omdb_movie_request:46 - OMDB request failed for 0002445: nats: no response from stream
2025-09-30 17:05:42.535 | ERROR    | __main__:omdb_movie_request:46 - OMDB request failed for 0002446: nats: no response from stream
2025-09-30 17:05:42.842 | ERROR    | __main__:omdb_movie_request:46 - OMDB request failed for 0002452: nats: no response from stream
2025-09-30 17:05:43.149 | ERROR    | __main__:omdb_movie_request:46 - OMDB request failed for 0002458: nats: no response from stream
2025-09-30 17:05:43.456 | ERROR    | __main__:omdb_movie_request:46 - OMDB request failed for 0002461: nats: no response from stream
2025-09-30 17:05:43.763 | ERROR    | __main__:omdb_movie_request:46 - OMDB request failed for 0002467: nats: no response from stream
2025-09-30 17:05:44.012 | ERROR    | __main__:omdb_movie_request:46 - OMDB request failed for 0002479: nats: no response from stream
2025-09-30 17:05:44.222 | ERROR    | __main__:omdb_movie_request:46 - OMDB request failed for 0002491: nats: no response from stream
2025-09-30 17:05:44.438 | ERROR    | __main__:omdb_movie_request:46 - OMDB request failed for 0002500: nats: no response from stream
2025-09-30 17:05:44.646 | ERROR    | __main__:omdb_movie_request:46 - OMDB request failed for 0002514: nats: no response from stream
2025-09-30 17:05:44.854 | ERROR    | __main__:omdb_movie_request:46 - OMDB request failed for 0002517: nats: no response from stream
2025-09-30 17:05:45.066 | ERROR    | __main__:omdb_movie_request:46 - OMDB request failed for 0002525: nats: no response from stream
2025-09-30 17:05:45.297 | ERROR    | __main__:omdb_movie_request:46 - OMDB request failed for 0002555: nats: no response from stream
2025-09-30 17:05:45.510 | ERROR    | __main__:omdb_movie_request:46 - OMDB request failed for 0002556: nats: no response from stream
2025-09-30 17:05:45.718 | ERROR    | __main__:omdb_movie_request:46 - OMDB request failed for 0002559: nats: no response from stream
2025-09-30 17:05:45.925 | ERROR    | __main__:omdb_movie_request:46 - OMDB request failed for 0002572: nats: no response from stream
2025-09-30 17:05:46.137 | ERROR    | __main__:omdb_movie_request:46 - OMDB request failed for 0002574: nats: no response from stream
2025-09-30 17:05:46.426 | ERROR    | __main__:omdb_movie_request:46 - OMDB request failed for 0002588: nats: no response from stream
2025-09-30 17:05:46.733 | ERROR    | __main__:omdb_movie_request:46 - OMDB request failed for 0002589: nats: no response from stream
2025-09-30 17:05:47.040 | ERROR    | __main__:omdb_movie_request:46 - OMDB request failed for 0002590: nats: no response from stream
2025-09-30 17:05:47.347 | ERROR    | __main__:omdb_movie_request:46 - OMDB request failed for 0002591: nats: no response from stream
2025-09-30 17:05:47.656 | ERROR    | __main__:omdb_movie_request:46 - OMDB request failed for 0002594: nats: no response from stream
2025-09-30 17:05:47.962 | ERROR    | __main__:omdb_movie_request:46 - OMDB request failed for 0002595: nats: no response from stream
2025-09-30 17:05:48.269 | ERROR    | __main__:omdb_movie_request:46 - OMDB request failed for 0002605: nats: no response from stream
2025-09-30 17:05:48.576 | ERROR    | __main__:omdb_movie_request:46 - OMDB request failed for 0002624: nats: no response from stream
2025-09-30 17:05:48.883 | ERROR    | __main__:omdb_movie_request:46 - OMDB request failed for 0002625: nats: no response from stream
2025-09-30 17:05:49.191 | ERROR    | __main__:omdb_movie_request:46 - OMDB request failed for 0002628: nats: no response from stream
2025-09-30 17:05:49.498 | ERROR    | __main__:omdb_movie_request:46 - OMDB request failed for 0002637: nats: no response from stream
2025-09-30 17:05:49.805 | ERROR    | __main__:omdb_movie_request:46 - OMDB request failed for 0002642: nats: no response from stream
2025-09-30 17:05:50.112 | ERROR    | __main__:omdb_movie_request:46 - OMDB request failed for 0002646: nats: no response from stream
2025-09-30 17:05:50.328 | ERROR    | __main__:omdb_movie_request:46 - OMDB request failed for 0002648: nats: no response from stream
2025-09-30 17:05:50.624 | ERROR    | __main__:omdb_movie_request:46 - OMDB request failed for 0002649: nats: no response from stream
2025-09-30 17:05:50.833 | ERROR    | __main__:omdb_movie_request:46 - OMDB request failed for 0002660: nats: no response from stream
2025-09-30 17:05:51.044 | ERROR    | __main__:omdb_movie_request:46 - OMDB request failed for 0002661: nats: no response from stream
2025-09-30 17:05:51.254 | ERROR    | __main__:omdb_movie_request:46 - OMDB request failed for 0002665: nats: no response from stream
2025-09-30 17:05:51.546 | ERROR    | __main__:omdb_movie_request:46 - OMDB request failed for 0002669: nats: no response from stream
2025-09-30 17:05:51.854 | ERROR    | __main__:omdb_movie_request:46 - OMDB request failed for 0002670: nats: no response from stream
2025-09-30 17:05:52.161 | ERROR    | __main__:omdb_movie_request:46 - OMDB request failed for 0002676: nats: no response from stream
2025-09-30 17:05:52.468 | ERROR    | __main__:omdb_movie_request:46 - OMDB request failed for 0002679: nats: no response from stream
2025-09-30 17:05:52.775 | ERROR    | __main__:omdb_movie_request:46 - OMDB request failed for 0002685: nats: no response from stream
2025-09-30 17:05:53.082 | ERROR    | __main__:omdb_movie_request:46 - OMDB request failed for 0002722: nats: no response from stream
2025-09-30 17:05:53.389 | ERROR    | __main__:omdb_movie_request:46 - OMDB request failed for 0002725: nats: no response from stream
2025-09-30 17:05:53.697 | ERROR    | __main__:omdb_movie_request:46 - OMDB request failed for 0002727: nats: no response from stream
2025-09-30 17:05:54.004 | ERROR    | __main__:omdb_movie_request:46 - OMDB request failed for 0002735: nats: no response from stream
2025-09-30 17:05:54.312 | ERROR    | __main__:omdb_movie_request:46 - OMDB request failed for 0002739: nats: no response from stream
2025-09-30 17:05:54.619 | ERROR    | __main__:omdb_movie_request:46 - OMDB request failed for 0002743: nats: no response from stream
2025-09-30 17:05:54.879 | ERROR    | __main__:omdb_movie_request:46 - OMDB request failed for 0002746: nats: no response from stream
2025-09-30 17:05:55.131 | ERROR    | __main__:omdb_movie_request:46 - OMDB request failed for 0002751: nats: no response from stream
2025-09-30 17:05:55.437 | ERROR    | __main__:omdb_movie_request:46 - OMDB request failed for 0002763: nats: no response from stream
2025-09-30 17:05:55.745 | ERROR    | __main__:omdb_movie_request:46 - OMDB request failed for 0002764: nats: no response from stream
2025-09-30 17:05:56.052 | ERROR    | __main__:omdb_movie_request:46 - OMDB request failed for 0002765: nats: no response from stream
2025-09-30 17:05:56.359 | ERROR    | __main__:omdb_movie_request:46 - OMDB request failed for 0002767: nats: no response from stream
2025-09-30 17:05:56.666 | ERROR    | __main__:omdb_movie_request:46 - OMDB request failed for 0002771: nats: no response from stream
2025-09-30 17:05:56.974 | ERROR    | __main__:omdb_movie_request:46 - OMDB request failed for 0002772: nats: no response from stream
2025-09-30 17:05:57.281 | ERROR    | __main__:omdb_movie_request:46 - OMDB request failed for 0002785: nats: no response from stream
2025-09-30 17:05:57.588 | ERROR    | __main__:omdb_movie_request:46 - OMDB request failed for 0002790: nats: no response from stream
2025-09-30 17:05:57.897 | ERROR    | __main__:omdb_movie_request:46 - OMDB request failed for 0002798: nats: no response from stream
2025-09-30 17:05:58.202 | ERROR    | __main__:omdb_movie_request:46 - OMDB request failed for 0002799: nats: no response from stream
2025-09-30 17:05:58.510 | ERROR    | __main__:omdb_movie_request:46 - OMDB request failed for 0002801: nats: no response from stream
2025-09-30 17:05:58.817 | ERROR    | __main__:omdb_movie_request:46 - OMDB request failed for 0002820: nats: no response from stream
2025-09-30 17:05:59.124 | ERROR    | __main__:omdb_movie_request:46 - OMDB request failed for 0002822: nats: no response from stream
2025-09-30 17:05:59.432 | ERROR    | __main__:omdb_movie_request:46 - OMDB request failed for 0002823: nats: no response from stream
2025-09-30 17:05:59.739 | ERROR    | __main__:omdb_movie_request:46 - OMDB request failed for 0002832: nats: no response from stream
2025-09-30 17:06:00.047 | ERROR    | __main__:omdb_movie_request:46 - OMDB request failed for 0002833: nats: no response from stream
2025-09-30 17:06:00.354 | ERROR    | __main__:omdb_movie_request:46 - OMDB request failed for 0002844: nats: no response from stream
2025-09-30 17:06:00.661 | ERROR    | __main__:omdb_movie_request:46 - OMDB request failed for 0002857: nats: no response from stream
2025-09-30 17:06:00.969 | ERROR    | __main__:omdb_movie_request:46 - OMDB request failed for 0002858: nats: no response from stream
2025-09-30 17:06:01.208 | ERROR    | __main__:omdb_movie_request:46 - OMDB request failed for 0002859: nats: no response from stream
2025-09-30 17:06:01.481 | ERROR    | __main__:omdb_movie_request:46 - OMDB request failed for 0002880: nats: no response from stream
2025-09-30 17:06:01.788 | ERROR    | __main__:omdb_movie_request:46 - OMDB request failed for 0002883: nats: no response from stream
2025-09-30 17:06:02.095 | ERROR    | __main__:omdb_movie_request:46 - OMDB request failed for 0002885: nats: no response from stream
2025-09-30 17:06:02.402 | ERROR    | __main__:omdb_movie_request:46 - OMDB request failed for 0002886: nats: no response from stream
2025-09-30 17:06:02.625 | ERROR    | __main__:omdb_movie_request:46 - OMDB request failed for 0002888: nats: no response from stream
2025-09-30 17:06:02.855 | ERROR    | __main__:omdb_movie_request:46 - OMDB request failed for 0002898: nats: no response from stream
2025-09-30 17:06:03.119 | ERROR    | __main__:omdb_movie_request:46 - OMDB request failed for 0002901: nats: no response from stream
2025-09-30 17:06:03.348 | ERROR    | __main__:omdb_movie_request:46 - OMDB request failed for 0002916: nats: no response from stream
2025-09-30 17:06:03.630 | ERROR    | __main__:omdb_movie_request:46 - OMDB request failed for 0002917: nats: no response from stream
2025-09-30 17:06:03.853 | ERROR    | __main__:omdb_movie_request:46 - OMDB request failed for 0002922: nats: no response from stream
2025-09-30 17:06:04.142 | ERROR    | __main__:omdb_movie_request:46 - OMDB request failed for 0002928: nats: no response from stream
2025-09-30 17:06:04.449 | ERROR    | __main__:omdb_movie_request:46 - OMDB request failed for 0002953: nats: no response from stream
2025-09-30 17:06:04.757 | ERROR    | __main__:omdb_movie_request:46 - OMDB request failed for 0002958: nats: no response from stream
2025-09-30 17:06:05.064 | ERROR    | __main__:omdb_movie_request:46 - OMDB request failed for 0002973: nats: no response from stream
2025-09-30 17:06:05.278 | ERROR    | __main__:omdb_movie_request:46 - OMDB request failed for 0002975: nats: no response from stream
2025-09-30 17:06:05.576 | ERROR    | __main__:omdb_movie_request:46 - OMDB request failed for 0002977: nats: no response from stream
2025-09-30 17:06:05.884 | ERROR    | __main__:omdb_movie_request:46 - OMDB request failed for 0002978: nats: no response from stream
2025-09-30 17:06:06.099 | ERROR    | __main__:omdb_movie_request:46 - OMDB request failed for 0002987: nats: no response from stream
2025-09-30 17:06:06.316 | ERROR    | __main__:omdb_movie_request:46 - OMDB request failed for 0002996: nats: no response from stream
2025-09-30 17:06:06.600 | ERROR    | __main__:omdb_movie_request:46 - OMDB request failed for 0003002: nats: no response from stream
2025-09-30 17:06:06.908 | ERROR    | __main__:omdb_movie_request:46 - OMDB request failed for 0003006: nats: no response from stream
2025-09-30 17:06:07.215 | ERROR    | __main__:omdb_movie_request:46 - OMDB request failed for 0003008: nats: no response from stream
2025-09-30 17:06:07.523 | ERROR    | __main__:omdb_movie_request:46 - OMDB request failed for 0003010: nats: no response from stream
2025-09-30 17:06:07.745 | ERROR    | __main__:omdb_movie_request:46 - OMDB request failed for 0003014: nats: no response from stream
2025-09-30 17:06:07.984 | ERROR    | __main__:omdb_movie_request:46 - OMDB request failed for 0003015: nats: no response from stream
2025-09-30 17:06:08.199 | ERROR    | __main__:omdb_movie_request:46 - OMDB request failed for 0003022: nats: no response from stream
2025-09-30 17:06:08.419 | ERROR    | __main__:omdb_movie_request:46 - OMDB request failed for 0003024: nats: no response from stream
2025-09-30 17:06:08.636 | ERROR    | __main__:omdb_movie_request:46 - OMDB request failed for 0003037: nats: no response from stream
2025-09-30 17:06:08.853 | ERROR    | __main__:omdb_movie_request:46 - OMDB request failed for 0003039: nats: no response from stream
2025-09-30 17:06:09.160 | ERROR    | __main__:omdb_movie_request:46 - OMDB request failed for 0003042: nats: no response from stream
2025-09-30 17:06:09.377 | ERROR    | __main__:omdb_movie_request:46 - OMDB request failed for 0003048: nats: no response from stream
2025-09-30 17:06:09.672 | ERROR    | __main__:omdb_movie_request:46 - OMDB request failed for 0003051: nats: no response from stream
2025-09-30 17:06:09.886 | ERROR    | __main__:omdb_movie_request:46 - OMDB request failed for 0003053: nats: no response from stream
2025-09-30 17:06:10.185 | ERROR    | __main__:omdb_movie_request:46 - OMDB request failed for 0003056: nats: no response from stream
2025-09-30 17:06:10.491 | ERROR    | __main__:omdb_movie_request:46 - OMDB request failed for 0003058: nats: no response from stream
2025-09-30 17:06:10.799 | ERROR    | __main__:omdb_movie_request:46 - OMDB request failed for 0003070: nats: no response from stream
2025-09-30 17:06:11.063 | ERROR    | __main__:omdb_movie_request:46 - OMDB request failed for 0003076: nats: no response from stream
2025-09-30 17:06:11.289 | ERROR    | __main__:omdb_movie_request:46 - OMDB request failed for 0003084: nats: no response from stream
2025-09-30 17:06:11.516 | ERROR    | __main__:omdb_movie_request:46 - OMDB request failed for 0003098: nats: no response from stream
2025-09-30 17:06:11.738 | ERROR    | __main__:omdb_movie_request:46 - OMDB request failed for 0003100: nats: no response from stream
2025-09-30 17:06:12.026 | ERROR    | __main__:omdb_movie_request:46 - OMDB request failed for 0003102: nats: no response from stream
2025-09-30 17:06:12.240 | ERROR    | __main__:omdb_movie_request:46 - OMDB request failed for 0003108: nats: no response from stream
2025-09-30 17:06:12.539 | ERROR    | __main__:omdb_movie_request:46 - OMDB request failed for 0003113: nats: no response from stream
2025-09-30 17:06:12.846 | ERROR    | __main__:omdb_movie_request:46 - OMDB request failed for 0003116: nats: no response from stream
2025-09-30 17:06:13.153 | ERROR    | __main__:omdb_movie_request:46 - OMDB request failed for 0003124: nats: no response from stream
2025-09-30 17:06:13.460 | ERROR    | __main__:omdb_movie_request:46 - OMDB request failed for 0003131: nats: no response from stream
2025-09-30 17:06:13.688 | ERROR    | __main__:omdb_movie_request:46 - OMDB request failed for 0003139: nats: no response from stream
2025-09-30 17:06:13.904 | ERROR    | __main__:omdb_movie_request:46 - OMDB request failed for 0003140: nats: no response from stream
2025-09-30 17:12:24.581 | INFO     | __main__:<module>:10 - Starting OMDB publisher .....
2025-09-30 17:12:24.586 | INFO     | __main__:omdb_movie_request:24 - Nats server connection established
2025-09-30 17:12:25.043 | ERROR    | __main__:omdb_movie_request:43 - OMDB request failed for tconst: nats: no response from stream
2025-09-30 17:12:25.258 | ERROR    | __main__:omdb_movie_request:43 - OMDB request failed for 0000009: nats: no response from stream
2025-09-30 17:12:25.501 | ERROR    | __main__:omdb_movie_request:43 - OMDB request failed for 0000147: nats: no response from stream
2025-09-30 17:12:25.808 | ERROR    | __main__:omdb_movie_request:43 - OMDB request failed for 0000502: nats: no response from stream
2025-09-30 17:12:26.022 | ERROR    | __main__:omdb_movie_request:43 - OMDB request failed for 0000574: nats: no response from stream
2025-09-30 17:12:26.235 | ERROR    | __main__:omdb_movie_request:43 - OMDB request failed for 0000591: nats: no response from stream
2025-09-30 17:12:26.530 | ERROR    | __main__:omdb_movie_request:43 - OMDB request failed for 0000615: nats: no response from stream
2025-09-30 17:12:26.750 | ERROR    | __main__:omdb_movie_request:43 - OMDB request failed for 0000630: nats: no response from stream
2025-09-30 17:12:26.964 | ERROR    | __main__:omdb_movie_request:43 - OMDB request failed for 0000675: nats: no response from stream
2025-09-30 17:12:27.242 | ERROR    | __main__:omdb_movie_request:43 - OMDB request failed for 0000679: nats: no response from stream
2025-09-30 17:12:27.549 | ERROR    | __main__:omdb_movie_request:43 - OMDB request failed for 0000838: nats: no response from stream
2025-09-30 17:12:27.781 | ERROR    | __main__:omdb_movie_request:43 - OMDB request failed for 0000842: nats: no response from stream
2025-09-30 17:12:27.997 | ERROR    | __main__:omdb_movie_request:43 - OMDB request failed for 0000846: nats: no response from stream
2025-09-30 17:12:28.266 | ERROR    | __main__:omdb_movie_request:43 - OMDB request failed for 0000850: nats: no response from stream
2025-09-30 17:12:28.573 | ERROR    | __main__:omdb_movie_request:43 - OMDB request failed for 0000859: nats: no response from stream
2025-09-30 17:12:28.881 | ERROR    | __main__:omdb_movie_request:43 - OMDB request failed for 0000862: nats: no response from stream
2025-09-30 17:12:29.118 | ERROR    | __main__:omdb_movie_request:43 - OMDB request failed for 0000867: nats: no response from stream
2025-09-30 17:12:29.330 | ERROR    | __main__:omdb_movie_request:43 - OMDB request failed for 0000868: nats: no response from stream
2025-09-30 17:12:29.541 | ERROR    | __main__:omdb_movie_request:43 - OMDB request failed for 0000869: nats: no response from stream
2025-09-30 17:12:29.802 | ERROR    | __main__:omdb_movie_request:43 - OMDB request failed for 0000879: nats: no response from stream
2025-09-30 17:12:30.109 | ERROR    | __main__:omdb_movie_request:43 - OMDB request failed for 0000886: nats: no response from stream
2025-09-30 17:12:30.417 | ERROR    | __main__:omdb_movie_request:43 - OMDB request failed for 0000941: nats: no response from stream
2025-09-30 17:12:30.724 | ERROR    | __main__:omdb_movie_request:43 - OMDB request failed for 0000947: nats: no response from stream
2025-09-30 17:12:31.031 | ERROR    | __main__:omdb_movie_request:43 - OMDB request failed for 0000959: nats: no response from stream
2025-09-30 17:12:31.247 | ERROR    | __main__:omdb_movie_request:43 - OMDB request failed for 0000984: nats: no response from stream
2025-09-30 17:12:31.544 | ERROR    | __main__:omdb_movie_request:43 - OMDB request failed for 0001007: nats: no response from stream
2025-09-30 17:12:31.850 | ERROR    | __main__:omdb_movie_request:43 - OMDB request failed for 0001010: nats: no response from stream
2025-09-30 17:12:32.158 | ERROR    | __main__:omdb_movie_request:43 - OMDB request failed for 0001028: nats: no response from stream
2025-09-30 17:12:32.465 | ERROR    | __main__:omdb_movie_request:43 - OMDB request failed for 0001038: nats: no response from stream
2025-09-30 17:12:32.771 | ERROR    | __main__:omdb_movie_request:43 - OMDB request failed for 0001043: nats: no response from stream
2025-09-30 17:12:33.079 | ERROR    | __main__:omdb_movie_request:43 - OMDB request failed for 0001049: nats: no response from stream
2025-09-30 17:12:33.387 | ERROR    | __main__:omdb_movie_request:43 - OMDB request failed for 0001051: nats: no response from stream
2025-09-30 17:12:33.614 | ERROR    | __main__:omdb_movie_request:43 - OMDB request failed for 0001059: nats: no response from stream
2025-09-30 17:12:33.825 | ERROR    | __main__:omdb_movie_request:43 - OMDB request failed for 0001069: nats: no response from stream
2025-09-30 17:12:34.081 | ERROR    | __main__:omdb_movie_request:43 - OMDB request failed for 0001080: nats: no response from stream
2025-09-30 17:12:34.309 | ERROR    | __main__:omdb_movie_request:43 - OMDB request failed for 0001081: nats: no response from stream
2025-09-30 17:12:34.581 | ERROR    | __main__:omdb_movie_request:43 - OMDB request failed for 0001082: nats: no response from stream
2025-09-30 17:12:34.822 | ERROR    | __main__:omdb_movie_request:43 - OMDB request failed for 0001101: nats: no response from stream
2025-09-30 17:12:35.129 | ERROR    | __main__:omdb_movie_request:43 - OMDB request failed for 0001109: nats: no response from stream
2025-09-30 17:12:35.436 | ERROR    | __main__:omdb_movie_request:43 - OMDB request failed for 0001112: nats: no response from stream
2025-09-30 17:12:35.742 | ERROR    | __main__:omdb_movie_request:43 - OMDB request failed for 0001113: nats: no response from stream
2025-09-30 17:12:35.962 | ERROR    | __main__:omdb_movie_request:43 - OMDB request failed for 0001115: nats: no response from stream
2025-09-30 17:12:36.173 | ERROR    | __main__:omdb_movie_request:43 - OMDB request failed for 0001116: nats: no response from stream
2025-09-30 17:12:36.418 | ERROR    | __main__:omdb_movie_request:43 - OMDB request failed for 0001122: nats: no response from stream
2025-09-30 17:12:36.665 | ERROR    | __main__:omdb_movie_request:43 - OMDB request failed for 0001141: nats: no response from stream
2025-09-30 17:12:36.972 | ERROR    | __main__:omdb_movie_request:43 - OMDB request failed for 0001142: nats: no response from stream
2025-09-30 17:12:37.279 | ERROR    | __main__:omdb_movie_request:43 - OMDB request failed for 0001147: nats: no response from stream
2025-09-30 17:12:37.586 | ERROR    | __main__:omdb_movie_request:43 - OMDB request failed for 0001159: nats: no response from stream
2025-09-30 17:12:37.892 | ERROR    | __main__:omdb_movie_request:43 - OMDB request failed for 0001163: nats: no response from stream
2025-09-30 17:12:38.201 | ERROR    | __main__:omdb_movie_request:43 - OMDB request failed for 0001175: nats: no response from stream
2025-09-30 17:12:38.507 | ERROR    | __main__:omdb_movie_request:43 - OMDB request failed for 0001179: nats: no response from stream
2025-09-30 17:12:38.815 | ERROR    | __main__:omdb_movie_request:43 - OMDB request failed for 0001184: nats: no response from stream
2025-09-30 17:12:39.122 | ERROR    | __main__:omdb_movie_request:43 - OMDB request failed for 0001203: nats: no response from stream
2025-09-30 17:12:39.430 | ERROR    | __main__:omdb_movie_request:43 - OMDB request failed for 0001230: nats: no response from stream
2025-09-30 17:12:39.737 | ERROR    | __main__:omdb_movie_request:43 - OMDB request failed for 0001240: nats: no response from stream
2025-09-30 17:12:39.951 | ERROR    | __main__:omdb_movie_request:43 - OMDB request failed for 0001247: nats: no response from stream
2025-09-30 17:12:40.168 | ERROR    | __main__:omdb_movie_request:43 - OMDB request failed for 0001277: nats: no response from stream
2025-09-30 17:12:40.385 | ERROR    | __main__:omdb_movie_request:43 - OMDB request failed for 0001285: nats: no response from stream
2025-09-30 17:12:40.658 | ERROR    | __main__:omdb_movie_request:43 - OMDB request failed for 0001338: nats: no response from stream
2025-09-30 17:12:40.964 | ERROR    | __main__:omdb_movie_request:43 - OMDB request failed for 0001341: nats: no response from stream
2025-09-30 17:12:41.181 | ERROR    | __main__:omdb_movie_request:43 - OMDB request failed for 0001348: nats: no response from stream
2025-09-30 17:12:41.477 | ERROR    | __main__:omdb_movie_request:43 - OMDB request failed for 0001359: nats: no response from stream
2025-09-30 17:12:41.784 | ERROR    | __main__:omdb_movie_request:43 - OMDB request failed for 0001364: nats: no response from stream
2025-09-30 17:12:42.091 | ERROR    | __main__:omdb_movie_request:43 - OMDB request failed for 0001366: nats: no response from stream
2025-09-30 17:12:42.398 | ERROR    | __main__:omdb_movie_request:43 - OMDB request failed for 0001370: nats: no response from stream
2025-09-30 17:12:42.705 | ERROR    | __main__:omdb_movie_request:43 - OMDB request failed for 0001379: nats: no response from stream
2025-09-30 17:12:43.012 | ERROR    | __main__:omdb_movie_request:43 - OMDB request failed for 0001382: nats: no response from stream
2025-09-30 17:12:43.230 | ERROR    | __main__:omdb_movie_request:43 - OMDB request failed for 0001386: nats: no response from stream
2025-09-30 17:12:43.524 | ERROR    | __main__:omdb_movie_request:43 - OMDB request failed for 0001422: nats: no response from stream
2025-09-30 17:12:43.832 | ERROR    | __main__:omdb_movie_request:43 - OMDB request failed for 0001440: nats: no response from stream
2025-09-30 17:12:44.139 | ERROR    | __main__:omdb_movie_request:43 - OMDB request failed for 0001465: nats: no response from stream
2025-09-30 17:12:44.446 | ERROR    | __main__:omdb_movie_request:43 - OMDB request failed for 0001475: nats: no response from stream
2025-09-30 17:12:44.754 | ERROR    | __main__:omdb_movie_request:43 - OMDB request failed for 0001495: nats: no response from stream
2025-09-30 17:12:45.060 | ERROR    | __main__:omdb_movie_request:43 - OMDB request failed for 0001498: nats: no response from stream
2025-09-30 17:12:45.368 | ERROR    | __main__:omdb_movie_request:43 - OMDB request failed for 0001515: nats: no response from stream
2025-09-30 17:12:45.676 | ERROR    | __main__:omdb_movie_request:43 - OMDB request failed for 0001530: nats: no response from stream
2025-09-30 17:12:45.983 | ERROR    | __main__:omdb_movie_request:43 - OMDB request failed for 0001531: nats: no response from stream
2025-09-30 17:12:46.206 | ERROR    | __main__:omdb_movie_request:43 - OMDB request failed for 0001555: nats: no response from stream
2025-09-30 17:12:46.494 | ERROR    | __main__:omdb_movie_request:43 - OMDB request failed for 0001586: nats: no response from stream
2025-09-30 17:12:46.801 | ERROR    | __main__:omdb_movie_request:43 - OMDB request failed for 0001592: nats: no response from stream
2025-09-30 17:12:47.109 | ERROR    | __main__:omdb_movie_request:43 - OMDB request failed for 0001602: nats: no response from stream
2025-09-30 17:12:47.416 | ERROR    | __main__:omdb_movie_request:43 - OMDB request failed for 0001603: nats: no response from stream
2025-09-30 17:12:47.723 | ERROR    | __main__:omdb_movie_request:43 - OMDB request failed for 0001604: nats: no response from stream
2025-09-30 17:12:48.030 | ERROR    | __main__:omdb_movie_request:43 - OMDB request failed for 0001614: nats: no response from stream
2025-09-30 17:12:48.338 | ERROR    | __main__:omdb_movie_request:43 - OMDB request failed for 0001628: nats: no response from stream
2025-09-30 17:12:48.646 | ERROR    | __main__:omdb_movie_request:43 - OMDB request failed for 0001630: nats: no response from stream
2025-09-30 17:12:48.952 | ERROR    | __main__:omdb_movie_request:43 - OMDB request failed for 0001648: nats: no response from stream
2025-09-30 17:12:49.259 | ERROR    | __main__:omdb_movie_request:43 - OMDB request failed for 0001706: nats: no response from stream
2025-09-30 17:12:49.566 | ERROR    | __main__:omdb_movie_request:43 - OMDB request failed for 0001711: nats: no response from stream
2025-09-30 17:12:49.874 | ERROR    | __main__:omdb_movie_request:43 - OMDB request failed for 0001712: nats: no response from stream
2025-09-30 17:12:50.181 | ERROR    | __main__:omdb_movie_request:43 - OMDB request failed for 0001716: nats: no response from stream
2025-09-30 17:12:50.488 | ERROR    | __main__:omdb_movie_request:43 - OMDB request failed for 0001731: nats: no response from stream
2025-09-30 17:12:50.711 | ERROR    | __main__:omdb_movie_request:43 - OMDB request failed for 0001756: nats: no response from stream
2025-09-30 17:12:51.001 | ERROR    | __main__:omdb_movie_request:43 - OMDB request failed for 0001764: nats: no response from stream
2025-09-30 17:12:51.214 | ERROR    | __main__:omdb_movie_request:43 - OMDB request failed for 0001778: nats: no response from stream
2025-09-30 17:12:51.512 | ERROR    | __main__:omdb_movie_request:43 - OMDB request failed for 0001785: nats: no response from stream
2025-09-30 17:12:51.820 | ERROR    | __main__:omdb_movie_request:43 - OMDB request failed for 0001790: nats: no response from stream
2025-09-30 17:12:52.127 | ERROR    | __main__:omdb_movie_request:43 - OMDB request failed for 0001803: nats: no response from stream
2025-09-30 17:12:52.434 | ERROR    | __main__:omdb_movie_request:43 - OMDB request failed for 0001812: nats: no response from stream
2025-09-30 17:12:52.648 | ERROR    | __main__:omdb_movie_request:43 - OMDB request failed for 0001889: nats: no response from stream
2025-09-30 17:12:52.946 | ERROR    | __main__:omdb_movie_request:43 - OMDB request failed for 0001892: nats: no response from stream
2025-09-30 17:12:53.176 | ERROR    | __main__:omdb_movie_request:43 - OMDB request failed for 0001895: nats: no response from stream
2025-09-30 17:12:53.391 | ERROR    | __main__:omdb_movie_request:43 - OMDB request failed for 0001911: nats: no response from stream
2025-09-30 17:12:53.663 | ERROR    | __main__:omdb_movie_request:43 - OMDB request failed for 0001914: nats: no response from stream
2025-09-30 17:12:53.970 | ERROR    | __main__:omdb_movie_request:43 - OMDB request failed for 0001920: nats: no response from stream
2025-09-30 17:12:54.277 | ERROR    | __main__:omdb_movie_request:43 - OMDB request failed for 0001964: nats: no response from stream
2025-09-30 17:12:54.584 | ERROR    | __main__:omdb_movie_request:43 - OMDB request failed for 0001965: nats: no response from stream
2025-09-30 17:12:54.892 | ERROR    | __main__:omdb_movie_request:43 - OMDB request failed for 0001992: nats: no response from stream
2025-09-30 17:12:55.199 | ERROR    | __main__:omdb_movie_request:43 - OMDB request failed for 0001993: nats: no response from stream
2025-09-30 17:12:55.506 | ERROR    | __main__:omdb_movie_request:43 - OMDB request failed for 0001998: nats: no response from stream
2025-09-30 17:12:55.814 | ERROR    | __main__:omdb_movie_request:43 - OMDB request failed for 0002001: nats: no response from stream
2025-09-30 17:12:56.120 | ERROR    | __main__:omdb_movie_request:43 - OMDB request failed for 0002019: nats: no response from stream
2025-09-30 17:12:56.330 | ERROR    | __main__:omdb_movie_request:43 - OMDB request failed for 0002022: nats: no response from stream
2025-09-30 17:12:56.633 | ERROR    | __main__:omdb_movie_request:43 - OMDB request failed for 0002026: nats: no response from stream
2025-09-30 17:12:56.856 | ERROR    | __main__:omdb_movie_request:43 - OMDB request failed for 0002031: nats: no response from stream
2025-09-30 17:12:57.145 | ERROR    | __main__:omdb_movie_request:43 - OMDB request failed for 0002039: nats: no response from stream
2025-09-30 17:12:57.452 | ERROR    | __main__:omdb_movie_request:43 - OMDB request failed for 0002044: nats: no response from stream
2025-09-30 17:12:57.662 | ERROR    | __main__:omdb_movie_request:43 - OMDB request failed for 0002046: nats: no response from stream
2025-09-30 17:12:57.873 | ERROR    | __main__:omdb_movie_request:43 - OMDB request failed for 0002047: nats: no response from stream
2025-09-30 17:12:58.169 | ERROR    | __main__:omdb_movie_request:43 - OMDB request failed for 0002088: nats: no response from stream
2025-09-30 17:12:58.477 | ERROR    | __main__:omdb_movie_request:43 - OMDB request failed for 0002089: nats: no response from stream
2025-09-30 17:12:58.783 | ERROR    | __main__:omdb_movie_request:43 - OMDB request failed for 0002094: nats: no response from stream
2025-09-30 17:12:59.091 | ERROR    | __main__:omdb_movie_request:43 - OMDB request failed for 0002101: nats: no response from stream
2025-09-30 17:12:59.398 | ERROR    | __main__:omdb_movie_request:43 - OMDB request failed for 0002102: nats: no response from stream
2025-09-30 17:12:59.705 | ERROR    | __main__:omdb_movie_request:43 - OMDB request failed for 0002109: nats: no response from stream
2025-09-30 17:12:59.914 | ERROR    | __main__:omdb_movie_request:43 - OMDB request failed for 0002112: nats: no response from stream
2025-09-30 17:13:00.216 | ERROR    | __main__:omdb_movie_request:43 - OMDB request failed for 0002115: nats: no response from stream
2025-09-30 17:13:00.524 | ERROR    | __main__:omdb_movie_request:43 - OMDB request failed for 0002119: nats: no response from stream
2025-09-30 17:13:00.831 | ERROR    | __main__:omdb_movie_request:43 - OMDB request failed for 0002130: nats: no response from stream
2025-09-30 17:13:01.119 | ERROR    | __main__:omdb_movie_request:43 - OMDB request failed for 0002131: nats: no response from stream
2025-09-30 17:13:01.348 | ERROR    | __main__:omdb_movie_request:43 - OMDB request failed for 0002140: nats: no response from stream
2025-09-30 17:13:01.651 | ERROR    | __main__:omdb_movie_request:43 - OMDB request failed for 0002153: nats: no response from stream
2025-09-30 17:13:01.960 | ERROR    | __main__:omdb_movie_request:43 - OMDB request failed for 0002156: nats: no response from stream
2025-09-30 17:13:02.264 | ERROR    | __main__:omdb_movie_request:43 - OMDB request failed for 0002157: nats: no response from stream
2025-09-30 17:13:02.572 | ERROR    | __main__:omdb_movie_request:43 - OMDB request failed for 0002161: nats: no response from stream
2025-09-30 17:13:02.982 | ERROR    | __main__:omdb_movie_request:43 - OMDB request failed for 0002163: nats: no response from stream
2025-09-30 17:13:03.204 | ERROR    | __main__:omdb_movie_request:43 - OMDB request failed for 0002165: nats: no response from stream
2025-09-30 17:13:03.494 | ERROR    | __main__:omdb_movie_request:43 - OMDB request failed for 0002186: nats: no response from stream
2025-09-30 17:13:03.801 | ERROR    | __main__:omdb_movie_request:43 - OMDB request failed for 0002188: nats: no response from stream
2025-09-30 17:13:04.109 | ERROR    | __main__:omdb_movie_request:43 - OMDB request failed for 0002199: nats: no response from stream
2025-09-30 17:13:04.416 | ERROR    | __main__:omdb_movie_request:43 - OMDB request failed for 0002211: nats: no response from stream
2025-09-30 17:13:04.723 | ERROR    | __main__:omdb_movie_request:43 - OMDB request failed for 0002220: nats: no response from stream
2025-09-30 17:13:04.941 | ERROR    | __main__:omdb_movie_request:43 - OMDB request failed for 0002239: nats: no response from stream
2025-09-30 17:13:05.235 | ERROR    | __main__:omdb_movie_request:43 - OMDB request failed for 0002242: nats: no response from stream
2025-09-30 17:13:05.542 | ERROR    | __main__:omdb_movie_request:43 - OMDB request failed for 0002262: nats: no response from stream
2025-09-30 17:13:05.851 | ERROR    | __main__:omdb_movie_request:43 - OMDB request failed for 0002276: nats: no response from stream
2025-09-30 17:13:06.121 | ERROR    | __main__:omdb_movie_request:43 - OMDB request failed for 0002286: nats: no response from stream
2025-09-30 17:13:06.361 | ERROR    | __main__:omdb_movie_request:43 - OMDB request failed for 0002301: nats: no response from stream
2025-09-30 17:13:06.575 | ERROR    | __main__:omdb_movie_request:43 - OMDB request failed for 0002305: nats: no response from stream
2025-09-30 17:13:06.873 | ERROR    | __main__:omdb_movie_request:43 - OMDB request failed for 0002315: nats: no response from stream
2025-09-30 17:13:07.084 | ERROR    | __main__:omdb_movie_request:43 - OMDB request failed for 0002328: nats: no response from stream
2025-09-30 17:13:07.385 | ERROR    | __main__:omdb_movie_request:43 - OMDB request failed for 0002333: nats: no response from stream
2025-09-30 17:13:07.692 | ERROR    | __main__:omdb_movie_request:43 - OMDB request failed for 0002335: nats: no response from stream
2025-09-30 17:13:08.002 | ERROR    | __main__:omdb_movie_request:43 - OMDB request failed for 0002337: nats: no response from stream
2025-09-30 17:13:08.307 | ERROR    | __main__:omdb_movie_request:43 - OMDB request failed for 0002345: nats: no response from stream
2025-09-30 17:13:08.614 | ERROR    | __main__:omdb_movie_request:43 - OMDB request failed for 0002348: nats: no response from stream
2025-09-30 17:13:08.922 | ERROR    | __main__:omdb_movie_request:43 - OMDB request failed for 0002361: nats: no response from stream
2025-09-30 17:13:09.228 | ERROR    | __main__:omdb_movie_request:43 - OMDB request failed for 0002362: nats: no response from stream
2025-09-30 17:13:09.536 | ERROR    | __main__:omdb_movie_request:43 - OMDB request failed for 0002375: nats: no response from stream
2025-09-30 17:13:09.843 | ERROR    | __main__:omdb_movie_request:43 - OMDB request failed for 0002395: nats: no response from stream
2025-09-30 17:13:10.150 | ERROR    | __main__:omdb_movie_request:43 - OMDB request failed for 0002405: nats: no response from stream
2025-09-30 17:13:10.458 | ERROR    | __main__:omdb_movie_request:43 - OMDB request failed for 0002406: nats: no response from stream
2025-09-30 17:13:10.665 | ERROR    | __main__:omdb_movie_request:43 - OMDB request failed for 0002410: nats: no response from stream
2025-09-30 17:13:10.969 | ERROR    | __main__:omdb_movie_request:43 - OMDB request failed for 0002423: nats: no response from stream
2025-09-30 17:13:11.204 | ERROR    | __main__:omdb_movie_request:43 - OMDB request failed for 0002425: nats: no response from stream
2025-09-30 17:13:11.481 | ERROR    | __main__:omdb_movie_request:43 - OMDB request failed for 0002431: nats: no response from stream
2025-09-30 17:13:11.788 | ERROR    | __main__:omdb_movie_request:43 - OMDB request failed for 0002432: nats: no response from stream
2025-09-30 17:14:30.473 | INFO     | __main__:<module>:10 - Starting OMDB publisher .....
2025-09-30 17:14:30.483 | INFO     | __main__:omdb_movie_request:24 - Nats server connection established
2025-09-30 17:15:30.959 | ERROR    | __main__:omdb_movie_request:44 - OMDB request failed for tconst: nats: no response from stream
2025-09-30 17:15:31.174 | ERROR    | __main__:omdb_movie_request:44 - OMDB request failed for 0000009: nats: no response from stream
2025-09-30 17:15:31.471 | ERROR    | __main__:omdb_movie_request:44 - OMDB request failed for 0000147: nats: no response from stream
2025-09-30 17:15:31.778 | ERROR    | __main__:omdb_movie_request:44 - OMDB request failed for 0000502: nats: no response from stream
2025-09-30 17:15:31.996 | ERROR    | __main__:omdb_movie_request:44 - OMDB request failed for 0000574: nats: no response from stream
2025-09-30 17:15:32.290 | ERROR    | __main__:omdb_movie_request:44 - OMDB request failed for 0000591: nats: no response from stream
2025-09-30 17:15:32.597 | ERROR    | __main__:omdb_movie_request:44 - OMDB request failed for 0000615: nats: no response from stream
2025-09-30 17:15:32.810 | ERROR    | __main__:omdb_movie_request:44 - OMDB request failed for 0000630: nats: no response from stream
2025-09-30 17:15:33.109 | ERROR    | __main__:omdb_movie_request:44 - OMDB request failed for 0000675: nats: no response from stream
2025-09-30 17:15:33.417 | ERROR    | __main__:omdb_movie_request:44 - OMDB request failed for 0000679: nats: no response from stream
2025-09-30 17:15:33.723 | ERROR    | __main__:omdb_movie_request:44 - OMDB request failed for 0000838: nats: no response from stream
2025-09-30 17:15:34.031 | ERROR    | __main__:omdb_movie_request:44 - OMDB request failed for 0000842: nats: no response from stream
2025-09-30 17:15:34.441 | ERROR    | __main__:omdb_movie_request:44 - OMDB request failed for 0000846: nats: no response from stream
2025-09-30 17:15:34.748 | ERROR    | __main__:omdb_movie_request:44 - OMDB request failed for 0000850: nats: no response from stream
2025-09-30 17:15:35.055 | ERROR    | __main__:omdb_movie_request:44 - OMDB request failed for 0000859: nats: no response from stream
2025-09-30 17:15:35.362 | ERROR    | __main__:omdb_movie_request:44 - OMDB request failed for 0000862: nats: no response from stream
2025-09-30 17:15:35.670 | ERROR    | __main__:omdb_movie_request:44 - OMDB request failed for 0000867: nats: no response from stream
2025-09-30 17:15:35.977 | ERROR    | __main__:omdb_movie_request:44 - OMDB request failed for 0000868: nats: no response from stream
2025-09-30 17:15:36.236 | ERROR    | __main__:omdb_movie_request:44 - OMDB request failed for 0000869: nats: no response from stream
2025-09-30 17:15:36.457 | ERROR    | __main__:omdb_movie_request:44 - OMDB request failed for 0000879: nats: no response from stream
2025-09-30 17:15:36.693 | ERROR    | __main__:omdb_movie_request:44 - OMDB request failed for 0000886: nats: no response from stream
2025-09-30 17:15:37.000 | ERROR    | __main__:omdb_movie_request:44 - OMDB request failed for 0000941: nats: no response from stream
2025-09-30 17:15:37.308 | ERROR    | __main__:omdb_movie_request:44 - OMDB request failed for 0000947: nats: no response from stream
2025-09-30 17:15:37.615 | ERROR    | __main__:omdb_movie_request:44 - OMDB request failed for 0000959: nats: no response from stream
2025-09-30 17:15:37.923 | ERROR    | __main__:omdb_movie_request:44 - OMDB request failed for 0000984: nats: no response from stream
2025-09-30 17:15:38.229 | ERROR    | __main__:omdb_movie_request:44 - OMDB request failed for 0001007: nats: no response from stream
2025-09-30 17:15:38.537 | ERROR    | __main__:omdb_movie_request:44 - OMDB request failed for 0001010: nats: no response from stream
2025-09-30 17:15:38.844 | ERROR    | __main__:omdb_movie_request:44 - OMDB request failed for 0001028: nats: no response from stream
2025-09-30 17:15:39.151 | ERROR    | __main__:omdb_movie_request:44 - OMDB request failed for 0001038: nats: no response from stream
2025-09-30 17:15:39.458 | ERROR    | __main__:omdb_movie_request:44 - OMDB request failed for 0001043: nats: no response from stream
2025-09-30 17:15:39.766 | ERROR    | __main__:omdb_movie_request:44 - OMDB request failed for 0001049: nats: no response from stream
2025-09-30 17:15:40.073 | ERROR    | __main__:omdb_movie_request:44 - OMDB request failed for 0001051: nats: no response from stream
2025-09-30 17:15:40.381 | ERROR    | __main__:omdb_movie_request:44 - OMDB request failed for 0001059: nats: no response from stream
2025-09-30 17:15:40.688 | ERROR    | __main__:omdb_movie_request:44 - OMDB request failed for 0001069: nats: no response from stream
2025-09-30 17:15:40.995 | ERROR    | __main__:omdb_movie_request:44 - OMDB request failed for 0001080: nats: no response from stream
2025-09-30 17:15:41.216 | ERROR    | __main__:omdb_movie_request:44 - OMDB request failed for 0001081: nats: no response from stream
2025-09-30 17:15:41.508 | ERROR    | __main__:omdb_movie_request:44 - OMDB request failed for 0001082: nats: no response from stream
2025-09-30 17:15:41.814 | ERROR    | __main__:omdb_movie_request:44 - OMDB request failed for 0001101: nats: no response from stream
2025-09-30 17:15:42.121 | ERROR    | __main__:omdb_movie_request:44 - OMDB request failed for 0001109: nats: no response from stream
2025-09-30 17:15:42.428 | ERROR    | __main__:omdb_movie_request:44 - OMDB request failed for 0001112: nats: no response from stream
2025-09-30 17:15:42.735 | ERROR    | __main__:omdb_movie_request:44 - OMDB request failed for 0001113: nats: no response from stream
2025-09-30 17:15:43.042 | ERROR    | __main__:omdb_movie_request:44 - OMDB request failed for 0001115: nats: no response from stream
2025-09-30 17:15:43.255 | ERROR    | __main__:omdb_movie_request:44 - OMDB request failed for 0001116: nats: no response from stream
2025-09-30 17:15:43.466 | ERROR    | __main__:omdb_movie_request:44 - OMDB request failed for 0001122: nats: no response from stream
2025-09-30 17:15:43.759 | ERROR    | __main__:omdb_movie_request:44 - OMDB request failed for 0001141: nats: no response from stream
2025-09-30 17:15:44.010 | ERROR    | __main__:omdb_movie_request:44 - OMDB request failed for 0001142: nats: no response from stream
2025-09-30 17:15:44.225 | ERROR    | __main__:omdb_movie_request:44 - OMDB request failed for 0001147: nats: no response from stream
2025-09-30 17:15:44.445 | ERROR    | __main__:omdb_movie_request:44 - OMDB request failed for 0001159: nats: no response from stream
2025-09-30 17:15:44.662 | ERROR    | __main__:omdb_movie_request:44 - OMDB request failed for 0001163: nats: no response from stream
2025-09-30 17:15:44.875 | ERROR    | __main__:omdb_movie_request:44 - OMDB request failed for 0001175: nats: no response from stream
2025-09-30 17:15:45.193 | ERROR    | __main__:omdb_movie_request:44 - OMDB request failed for 0001179: nats: no response from stream
2025-09-30 17:15:45.501 | ERROR    | __main__:omdb_movie_request:44 - OMDB request failed for 0001184: nats: no response from stream
2025-09-30 17:15:45.811 | ERROR    | __main__:omdb_movie_request:44 - OMDB request failed for 0001203: nats: no response from stream
2025-09-30 17:15:46.115 | ERROR    | __main__:omdb_movie_request:44 - OMDB request failed for 0001230: nats: no response from stream
2025-09-30 17:15:46.422 | ERROR    | __main__:omdb_movie_request:44 - OMDB request failed for 0001240: nats: no response from stream
2025-09-30 17:15:46.729 | ERROR    | __main__:omdb_movie_request:44 - OMDB request failed for 0001247: nats: no response from stream
2025-09-30 17:15:47.036 | ERROR    | __main__:omdb_movie_request:44 - OMDB request failed for 0001277: nats: no response from stream
2025-09-30 17:15:47.344 | ERROR    | __main__:omdb_movie_request:44 - OMDB request failed for 0001285: nats: no response from stream
2025-09-30 17:15:47.651 | ERROR    | __main__:omdb_movie_request:44 - OMDB request failed for 0001338: nats: no response from stream
2025-09-30 17:15:47.958 | ERROR    | __main__:omdb_movie_request:44 - OMDB request failed for 0001341: nats: no response from stream
2025-09-30 17:15:48.266 | ERROR    | __main__:omdb_movie_request:44 - OMDB request failed for 0001348: nats: no response from stream
2025-09-30 17:15:48.573 | ERROR    | __main__:omdb_movie_request:44 - OMDB request failed for 0001359: nats: no response from stream
2025-09-30 17:15:48.880 | ERROR    | __main__:omdb_movie_request:44 - OMDB request failed for 0001364: nats: no response from stream
2025-09-30 17:15:49.187 | ERROR    | __main__:omdb_movie_request:44 - OMDB request failed for 0001366: nats: no response from stream
2025-09-30 17:15:49.494 | ERROR    | __main__:omdb_movie_request:44 - OMDB request failed for 0001370: nats: no response from stream
2025-09-30 17:23:02.549 | INFO     | __main__:<module>:10 - Starting OMDB publisher .....
2025-09-30 17:23:02.561 | INFO     | __main__:omdb_movie_request:24 - Nats server connection established
2025-09-30 17:23:59.073 | INFO     | __main__:<module>:10 - Starting OMDB publisher .....
2025-09-30 17:23:59.081 | INFO     | __main__:omdb_movie_request:24 - Nats server connection established
2025-09-30 17:25:05.687 | INFO     | __main__:<module>:10 - Starting OMDB publisher .....
2025-09-30 17:25:05.696 | INFO     | __main__:omdb_movie_request:24 - Nats server connection established
